Using pre-set license
Built from '6000.0/release' branch; Version is '6000.0.35f1 (9a3bc604008a) revision 10107846'; Using compiler version '193933523'; Build Type 'Release'
OS: 'Windows 11  (10.0.26100) 64bit Core' Language: 'da' Physical Memory: 31864 MB
BatchMode: 1, IsHumanControllingUs: 0, StartBugReporterOnCrash: 0, Is64bit: 1, IsPro: 1

COMMAND LINE ARGUMENTS:
C:\Program Files\Unity\Hub\Editor\6000.0.35f1\Editor\Unity.exe
-adb2
-batchMode
-noUpm
-name
AssetImportWorker39
-projectPath
C:/Users/jejol/first project
-logFile
Logs/AssetImportWorker39.log
-srvPort
51789
-job-worker-count
11
-background-job-worker-count
8
-gc-helper-count
1
Successfully changed project path to: C:/Users/jejol/first project
C:/Users/jejol/first project
[UnityMemory] Configuration Parameters - Can be set up in boot.config
    "memorysetup-bucket-allocator-granularity=16"
    "memorysetup-bucket-allocator-bucket-count=8"
    "memorysetup-bucket-allocator-block-size=33554432"
    "memorysetup-bucket-allocator-block-count=8"
    "memorysetup-main-allocator-block-size=16777216"
    "memorysetup-thread-allocator-block-size=16777216"
    "memorysetup-gfx-main-allocator-block-size=16777216"
    "memorysetup-gfx-thread-allocator-block-size=16777216"
    "memorysetup-cache-allocator-block-size=4194304"
    "memorysetup-typetree-allocator-block-size=2097152"
    "memorysetup-profiler-bucket-allocator-granularity=16"
    "memorysetup-profiler-bucket-allocator-bucket-count=8"
    "memorysetup-profiler-bucket-allocator-block-size=33554432"
    "memorysetup-profiler-bucket-allocator-block-count=8"
    "memorysetup-profiler-allocator-block-size=16777216"
    "memorysetup-profiler-editor-allocator-block-size=1048576"
    "memorysetup-temp-allocator-size-main=16777216"
    "memorysetup-job-temp-allocator-block-size=2097152"
    "memorysetup-job-temp-allocator-block-size-background=1048576"
    "memorysetup-job-temp-allocator-reduction-small-platforms=262144"
    "memorysetup-allocator-temp-initial-block-size-main=262144"
    "memorysetup-allocator-temp-initial-block-size-worker=262144"
    "memorysetup-temp-allocator-size-background-worker=32768"
    "memorysetup-temp-allocator-size-job-worker=262144"
    "memorysetup-temp-allocator-size-preload-manager=33554432"
    "memorysetup-temp-allocator-size-nav-mesh-worker=65536"
    "memorysetup-temp-allocator-size-audio-worker=65536"
    "memorysetup-temp-allocator-size-cloud-worker=32768"
    "memorysetup-temp-allocator-size-gi-baking-worker=262144"
    "memorysetup-temp-allocator-size-gi-baking-worker=262144"
    "memorysetup-temp-allocator-size-gi-baking-worker=262144"
    "memorysetup-temp-allocator-size-gi-baking-worker=262144"
    "memorysetup-temp-allocator-size-gi-baking-worker=262144"
    "memorysetup-temp-allocator-size-gfx=262144"
Player connection [52012]  Target information:

Player connection [52012]  * "[IP] 172.28.112.1 [Port] 0 [Flags] 2 [Guid] 352940945 [EditorId] 352940945 [Version] 1048832 [Id] WindowsEditor(7,Jenjos_Laptop) [Debug] 1 [PackageName] WindowsEditor [ProjectName] Editor" 

Player connection [52012]  * "[IP] 192.168.18.13 [Port] 0 [Flags] 2 [Guid] 352940945 [EditorId] 352940945 [Version] 1048832 [Id] WindowsEditor(7,Jenjos_Laptop) [Debug] 1 [PackageName] WindowsEditor [ProjectName] Editor" 

Player connection [52012] Host joined multi-casting on [225.0.0.222:54997]...
Player connection [52012] Host joined alternative multi-casting on [225.0.0.222:34997]...
JobSystem: Creating JobQueue using job-worker-count value 11
Input System module state changed to: Initialized.
[Physics::Module] Initialized fallback backend.
[Physics::Module] Id: 0xdecafbad
Library Redirect Path: Library/
[Physics::Module] Selected backend.
[Physics::Module] Name: PhysX
[Physics::Module] Id: 0xf2b8ea05
[Physics::Module] SDK Version: 4.1.2
[Physics::Module] Integration Version: 1.0.0
[Physics::Module] Threading Mode: Multi-Threaded
Refreshing native plugins compatible for Editor in 4.12 ms, found 3 plugins.
Preloading 0 native plugins for Editor in 0.00 ms.
Initialize engine version: 6000.0.35f1 (9a3bc604008a)
[Subsystems] Discovering subsystems at path C:/Program Files/Unity/Hub/Editor/6000.0.35f1/Editor/Data/Resources/UnitySubsystems
[Subsystems] Discovering subsystems at path C:/Users/jejol/first project/Assets
GfxDevice: creating device client; kGfxThreadingModeNonThreaded
Direct3D:
    Version:  Direct3D 11.0 [level 11.1]
    Renderer: NVIDIA GeForce RTX 4070 Laptop GPU (ID=0x2860)
    Vendor:   NVIDIA
    VRAM:     7948 MB
    Driver:   32.0.15.6100
Initialize mono
Mono path[0] = 'C:/Program Files/Unity/Hub/Editor/6000.0.35f1/Editor/Data/Managed'
Mono path[1] = 'C:/Program Files/Unity/Hub/Editor/6000.0.35f1/Editor/Data/MonoBleedingEdge/lib/mono/unityjit-win32'
Mono config path = 'C:/Program Files/Unity/Hub/Editor/6000.0.35f1/Editor/Data/MonoBleedingEdge/etc'
Using monoOptions --debugger-agent=transport=dt_socket,embedding=1,server=y,suspend=n,address=127.0.0.1:56008
Begin MonoManager ReloadAssembly
Registering precompiled unity dll's ...
Register platform support module: C:/Program Files/Unity/Hub/Editor/6000.0.35f1/Editor/Data/PlaybackEngines/WebGLSupport/UnityEditor.WebGL.Extensions.dll
Register platform support module: C:/Program Files/Unity/Hub/Editor/6000.0.35f1/Editor/Data/PlaybackEngines/WindowsStandaloneSupport/UnityEditor.WindowsStandalone.Extensions.dll
Registered in 0.009130 seconds.
- Loaded All Assemblies, in  0.874 seconds
Native extension for WindowsStandalone target not found
Native extension for WebGL target not found
Mono: successfully reloaded assembly
- Finished resetting the current domain, in  0.755 seconds
Domain Reload Profiling: 1623ms
	BeginReloadAssembly (214ms)
		ExecutionOrderSort (0ms)
		DisableScriptedObjects (0ms)
		BackupInstance (0ms)
		ReleaseScriptingObjects (0ms)
		CreateAndSetChildDomain (1ms)
	RebuildCommonClasses (63ms)
	RebuildNativeTypeToScriptingClass (22ms)
	initialDomainReloadingComplete (105ms)
	LoadAllAssembliesAndSetupDomain (464ms)
		LoadAssemblies (205ms)
		RebuildTransferFunctionScriptingTraits (0ms)
		AnalyzeDomain (459ms)
			TypeCache.Refresh (455ms)
				TypeCache.ScanAssembly (420ms)
			BuildScriptInfoCaches (0ms)
			ResolveRequiredComponents (1ms)
	FinalizeReload (755ms)
		ReleaseScriptCaches (0ms)
		RebuildScriptCaches (0ms)
		SetupLoadedEditorAssemblies (593ms)
			LogAssemblyErrors (0ms)
			InitializePlatformSupportModulesInManaged (47ms)
			SetLoadedEditorAssemblies (10ms)
			BeforeProcessingInitializeOnLoad (122ms)
			ProcessInitializeOnLoadAttributes (329ms)
			ProcessInitializeOnLoadMethodAttributes (84ms)
			AfterProcessingInitializeOnLoad (0ms)
			EditorAssembliesLoaded (0ms)
		ExecutionOrderSort2 (0ms)
		AwakeInstancesAfterBackupRestoration (0ms)
========================================================================
Worker process is ready to serve import requests
Import Worker Mode flag is 0x00
Begin MonoManager ReloadAssembly
- Loaded All Assemblies, in  1.338 seconds
Refreshing native plugins compatible for Editor in 1.83 ms, found 3 plugins.
Native extension for WindowsStandalone target not found
Native extension for WebGL target not found
[MODES] ModeService[none].Initialize
[MODES] ModeService[none].LoadModes
[MODES] Loading mode Default (0) for mode-current-id-first project
Mono: successfully reloaded assembly
- Finished resetting the current domain, in  2.133 seconds
Domain Reload Profiling: 3464ms
	BeginReloadAssembly (307ms)
		ExecutionOrderSort (0ms)
		DisableScriptedObjects (9ms)
		BackupInstance (0ms)
		ReleaseScriptingObjects (0ms)
		CreateAndSetChildDomain (54ms)
	RebuildCommonClasses (57ms)
	RebuildNativeTypeToScriptingClass (21ms)
	initialDomainReloadingComplete (71ms)
	LoadAllAssembliesAndSetupDomain (871ms)
		LoadAssemblies (655ms)
		RebuildTransferFunctionScriptingTraits (0ms)
		AnalyzeDomain (412ms)
			TypeCache.Refresh (291ms)
				TypeCache.ScanAssembly (267ms)
			BuildScriptInfoCaches (95ms)
			ResolveRequiredComponents (19ms)
	FinalizeReload (2137ms)
		ReleaseScriptCaches (0ms)
		RebuildScriptCaches (0ms)
		SetupLoadedEditorAssemblies (1750ms)
			LogAssemblyErrors (0ms)
			InitializePlatformSupportModulesInManaged (7ms)
			SetLoadedEditorAssemblies (13ms)
			BeforeProcessingInitializeOnLoad (191ms)
			ProcessInitializeOnLoadAttributes (1144ms)
			ProcessInitializeOnLoadMethodAttributes (381ms)
			AfterProcessingInitializeOnLoad (14ms)
			EditorAssembliesLoaded (1ms)
		ExecutionOrderSort2 (0ms)
		AwakeInstancesAfterBackupRestoration (14ms)
Launched and connected shader compiler UnityShaderCompiler.exe after 0.02 seconds
Refreshing native plugins compatible for Editor in 2.44 ms, found 3 plugins.
Preloading 0 native plugins for Editor in 0.00 ms.
Unloading 219 Unused Serialized files (Serialized files now loaded: 0)
Unloading 6317 unused Assets / (9.0 MB). Loaded Objects now: 6991.
Memory consumption went from 165.6 MB to 156.6 MB.
Total: 24.520800 ms (FindLiveObjects: 1.427600 ms CreateObjectMapping: 1.861800 ms MarkObjects: 11.120100 ms  DeleteObjects: 10.108700 ms)

========================================================================
Received Import Request.
  Time since last request: 331582.518629 seconds.
  path: Assets/LowpolyNatureBundle/Prefab/Rock_06.prefab
  artifactKey: Guid(a74c5ad867bfe32419294ce151f88192) Importer(2089858483,192608db42251d675da83286b1cce702)
Start importing Assets/LowpolyNatureBundle/Prefab/Rock_06.prefab using Guid(a74c5ad867bfe32419294ce151f88192) Importer(2089858483,192608db42251d675da83286b1cce702) (ScriptedImporter) -> (artifact id: 'a59ec38163564c6b03cc6b9014417562') in 0.4592064 seconds
Number of updated asset objects reloaded before import = 0Number of asset objects unloaded after import = 8

========================================================================
Received Import Request.
  Time since last request: 0.000035 seconds.
  path: Assets/LowpolyNatureBundle/Prefab/Mushroom_06.prefab
  artifactKey: Guid(b106dc6100ce217419c4ce6320493f42) Importer(2089858483,192608db42251d675da83286b1cce702)
Start importing Assets/LowpolyNatureBundle/Prefab/Mushroom_06.prefab using Guid(b106dc6100ce217419c4ce6320493f42) Importer(2089858483,192608db42251d675da83286b1cce702) (ScriptedImporter) -> (artifact id: 'f76ee596fcfad94a626d222e012ff688') in 0.0343004 seconds
Number of updated asset objects reloaded before import = 0Number of asset objects unloaded after import = 8

========================================================================
Received Import Request.
  Time since last request: 0.000062 seconds.
  path: Assets/LowpolyNatureBundle/Texture/MushroomBundleColormap.png
  artifactKey: Guid(94a4ed0741b16cc4caf7943c0356aae8) Importer(2089858483,192608db42251d675da83286b1cce702)
Start importing Assets/LowpolyNatureBundle/Texture/MushroomBundleColormap.png using Guid(94a4ed0741b16cc4caf7943c0356aae8) Importer(2089858483,192608db42251d675da83286b1cce702) (ScriptedImporter) -> (artifact id: 'e7525f5ae1ea71726f8c9951f69c7c3f') in 0.0741372 seconds
Number of updated asset objects reloaded before import = 0Number of asset objects unloaded after import = 1

========================================================================
Received Import Request.
  Time since last request: 0.000024 seconds.
  path: Assets/LowpolyNatureBundle/Prefab/SpringTree_05.prefab
  artifactKey: Guid(ba6a3796f5464cf468d3459b2b74b1b6) Importer(2089858483,192608db42251d675da83286b1cce702)
Start importing Assets/LowpolyNatureBundle/Prefab/SpringTree_05.prefab using Guid(ba6a3796f5464cf468d3459b2b74b1b6) Importer(2089858483,192608db42251d675da83286b1cce702) (ScriptedImporter) -> (artifact id: 'bd06cb68ade8ab08d2fe481a5be314e9') in 0.0272312 seconds
Number of updated asset objects reloaded before import = 0Number of asset objects unloaded after import = 8

========================================================================
Received Import Request.
  Time since last request: 0.000029 seconds.
  path: Assets/LowpolyNatureBundle/Mesh/TrunkStack_01.fbx
  artifactKey: Guid(1357bc5fcfbe2b94d809122e37abe691) Importer(2089858483,192608db42251d675da83286b1cce702)
Start importing Assets/LowpolyNatureBundle/Mesh/TrunkStack_01.fbx using Guid(1357bc5fcfbe2b94d809122e37abe691) Importer(2089858483,192608db42251d675da83286b1cce702) (ScriptedImporter) -> (artifact id: '997e18aa30fbb2e0a17a1156c92476dd') in 0.0497466 seconds
Number of updated asset objects reloaded before import = 0Number of asset objects unloaded after import = 8

========================================================================
Received Import Request.
  Time since last request: 0.000032 seconds.
  path: Assets/LowpolyNatureBundle/Mesh/Bamboos_02.fbx
  artifactKey: Guid(c88c4eb6a32119943b55449ab480cd90) Importer(2089858483,192608db42251d675da83286b1cce702)
Start importing Assets/LowpolyNatureBundle/Mesh/Bamboos_02.fbx using Guid(c88c4eb6a32119943b55449ab480cd90) Importer(2089858483,192608db42251d675da83286b1cce702) (ScriptedImporter) -> (artifact id: '564bc5ab8d58de640653ebd7994267ea') in 0.027399 seconds
Number of updated asset objects reloaded before import = 0Number of asset objects unloaded after import = 8

========================================================================
Received Import Request.
  Time since last request: 0.000070 seconds.
  path: Assets/LowpolyNatureBundle/Prefab/WinterFallenTree_02.prefab
  artifactKey: Guid(81f856ae78de9d846b5c12e560523702) Importer(2089858483,192608db42251d675da83286b1cce702)
Start importing Assets/LowpolyNatureBundle/Prefab/WinterFallenTree_02.prefab using Guid(81f856ae78de9d846b5c12e560523702) Importer(2089858483,192608db42251d675da83286b1cce702) (ScriptedImporter) -> (artifact id: 'cefce42aeb09392ffc5454ce40e7c5df') in 0.0248343 seconds
Number of updated asset objects reloaded before import = 0Number of asset objects unloaded after import = 8

========================================================================
Received Import Request.
  Time since last request: 0.000023 seconds.
  path: Assets/LowpolyNatureBundle/Mesh/WoodenFence_03.fbx
  artifactKey: Guid(e2d0ee7ce34327546abb01c712389445) Importer(2089858483,192608db42251d675da83286b1cce702)
Start importing Assets/LowpolyNatureBundle/Mesh/WoodenFence_03.fbx using Guid(e2d0ee7ce34327546abb01c712389445) Importer(2089858483,192608db42251d675da83286b1cce702) (ScriptedImporter) -> (artifact id: '97eb75f69f7e263e62a318dc4ac0e133') in 0.0312173 seconds
Number of updated asset objects reloaded before import = 0Number of asset objects unloaded after import = 8

========================================================================
Received Import Request.
  Time since last request: 0.000039 seconds.
  path: Assets/LowpolyNatureBundle/Prefab/Bamboo_02.prefab
  artifactKey: Guid(75e7e3b593d74ca428f2aa331302da72) Importer(2089858483,192608db42251d675da83286b1cce702)
Start importing Assets/LowpolyNatureBundle/Prefab/Bamboo_02.prefab using Guid(75e7e3b593d74ca428f2aa331302da72) Importer(2089858483,192608db42251d675da83286b1cce702) (ScriptedImporter) -> (artifact id: 'ee326ebad72200eeaba575d342250ec8') in 0.0231302 seconds
Number of updated asset objects reloaded before import = 0Number of asset objects unloaded after import = 8

========================================================================
Received Import Request.
  Time since last request: 0.000041 seconds.
  path: Assets/LowpolyNatureBundle/Prefab/AutumnTree_05.prefab
  artifactKey: Guid(04597ce0aacfb9346b1811ef6fb2ea0b) Importer(2089858483,192608db42251d675da83286b1cce702)
Start importing Assets/LowpolyNatureBundle/Prefab/AutumnTree_05.prefab using Guid(04597ce0aacfb9346b1811ef6fb2ea0b) Importer(2089858483,192608db42251d675da83286b1cce702) (ScriptedImporter) -> (artifact id: 'a87b4f9e73b7b6155d18f8531599005c') in 0.0204451 seconds
Number of updated asset objects reloaded before import = 0Number of asset objects unloaded after import = 8

========================================================================
Received Import Request.
  Time since last request: 0.080548 seconds.
  path: Assets/LowpolyNatureBundle/Mesh/SpringTree_02.fbx
  artifactKey: Guid(0ef612f4909343e4ea965101fe11ddea) Importer(2089858483,192608db42251d675da83286b1cce702)
Start importing Assets/LowpolyNatureBundle/Mesh/SpringTree_02.fbx using Guid(0ef612f4909343e4ea965101fe11ddea) Importer(2089858483,192608db42251d675da83286b1cce702) (ScriptedImporter) -> (artifact id: '74cb47e5a31a0795a4873cf60ca16c6c') in 0.0204444 seconds
Number of updated asset objects reloaded before import = 0Number of asset objects unloaded after import = 8

========================================================================
Received Import Request.
  Time since last request: 0.000037 seconds.
  path: Assets/LPHorse_Version_2_9/Version_2_9/ReactiveRider/Masks/Human_Legs.mask
  artifactKey: Guid(9af50a9d33dd4f24e9056ea7686c7723) Importer(2089858483,192608db42251d675da83286b1cce702)
Start importing Assets/LPHorse_Version_2_9/Version_2_9/ReactiveRider/Masks/Human_Legs.mask using Guid(9af50a9d33dd4f24e9056ea7686c7723) Importer(2089858483,192608db42251d675da83286b1cce702) (ScriptedImporter) -> (artifact id: 'b0becfa7e5739879c16d57056daa1b55') in 0.0183149 seconds
Number of updated asset objects reloaded before import = 0Number of asset objects unloaded after import = 1

========================================================================
Received Import Request.
  Time since last request: 0.000023 seconds.
  path: Assets/LPHorse_Version_2_9/Version_2_9/Animations/Override_Animations
  artifactKey: Guid(d39f58a5d5789e143a8987b284234a75) Importer(2089858483,192608db42251d675da83286b1cce702)
Start importing Assets/LPHorse_Version_2_9/Version_2_9/Animations/Override_Animations using Guid(d39f58a5d5789e143a8987b284234a75) Importer(2089858483,192608db42251d675da83286b1cce702) (ScriptedImporter) -> (artifact id: '55f48795f36c57f3d02eb5c45684852b') in 0.016346 seconds
Number of updated asset objects reloaded before import = 0Number of asset objects unloaded after import = 1

========================================================================
Received Import Request.
  Time since last request: 0.000030 seconds.
  path: Assets/LPHorse_Version_2_9/Version_2_9/Animations/Primary_Actions/Rig_Rear_Up_VeryLight_Left.anim
  artifactKey: Guid(14bcd3eb061b57545bcc50168e8d9348) Importer(2089858483,192608db42251d675da83286b1cce702)
Start importing Assets/LPHorse_Version_2_9/Version_2_9/Animations/Primary_Actions/Rig_Rear_Up_VeryLight_Left.anim using Guid(14bcd3eb061b57545bcc50168e8d9348) Importer(2089858483,192608db42251d675da83286b1cce702) (ScriptedImporter) -> (artifact id: '05df1ccc1afdacbfddbe11302a79eed3') in 0.0551858 seconds
Number of updated asset objects reloaded before import = 0Number of asset objects unloaded after import = 1

========================================================================
Received Import Request.
  Time since last request: 0.000045 seconds.
  path: Assets/LowpolyNatureBundle/Prefab/Rock_01.prefab
  artifactKey: Guid(5848e10a7efba6146960e4473986cf9f) Importer(2089858483,192608db42251d675da83286b1cce702)
Start importing Assets/LowpolyNatureBundle/Prefab/Rock_01.prefab using Guid(5848e10a7efba6146960e4473986cf9f) Importer(2089858483,192608db42251d675da83286b1cce702) (ScriptedImporter) -> (artifact id: '043e95e27e21b9b021180e940f5e73fb') in 0.0205127 seconds
Number of updated asset objects reloaded before import = 0Number of asset objects unloaded after import = 8

========================================================================
Received Import Request.
  Time since last request: 0.000035 seconds.
  path: Assets/LPHorse_Version_2_9/Version_2_9/Animations/Primary_Cycles/Rig_Right_Lead_Canter_RootMotion.anim
  artifactKey: Guid(f2da667f26cc2544e9ce1c2db1ff5174) Importer(2089858483,192608db42251d675da83286b1cce702)
Start importing Assets/LPHorse_Version_2_9/Version_2_9/Animations/Primary_Cycles/Rig_Right_Lead_Canter_RootMotion.anim using Guid(f2da667f26cc2544e9ce1c2db1ff5174) Importer(2089858483,192608db42251d675da83286b1cce702) (ScriptedImporter) -> (artifact id: '71bd0e616817899316fa070beb34ffdf') in 0.0448696 seconds
Number of updated asset objects reloaded before import = 0Number of asset objects unloaded after import = 1

========================================================================
Received Import Request.
  Time since last request: 0.000026 seconds.
  path: Assets/LPHorse_Version_2_9/Version_2_9/Animations/Primary_Cycles/Rig_Gallop_Harsh_RootMotion.anim
  artifactKey: Guid(d5614cdd0b016f0449a23914089b10f7) Importer(2089858483,192608db42251d675da83286b1cce702)
Start importing Assets/LPHorse_Version_2_9/Version_2_9/Animations/Primary_Cycles/Rig_Gallop_Harsh_RootMotion.anim using Guid(d5614cdd0b016f0449a23914089b10f7) Importer(2089858483,192608db42251d675da83286b1cce702) (ScriptedImporter) -> (artifact id: '6ae4a5751d8ef9e99d4e3658db3fc231') in 0.0515842 seconds
Number of updated asset objects reloaded before import = 0Number of asset objects unloaded after import = 1

========================================================================
Received Import Request.
  Time since last request: 0.000029 seconds.
  path: Assets/LPHorse_Version_2_9/Version_2_9
  artifactKey: Guid(530d309a986d3e148a0b4743e424388b) Importer(2089858483,192608db42251d675da83286b1cce702)
Start importing Assets/LPHorse_Version_2_9/Version_2_9 using Guid(530d309a986d3e148a0b4743e424388b) Importer(2089858483,192608db42251d675da83286b1cce702) (ScriptedImporter) -> (artifact id: '32b49bd4cff50bacea4c14d3e4601ccb') in 0.0151045 seconds
Number of updated asset objects reloaded before import = 0Number of asset objects unloaded after import = 1

========================================================================
Received Import Request.
  Time since last request: 0.056987 seconds.
  path: Assets/LPHorse_Version_2_9/Version_2_9/ReactiveRider
  artifactKey: Guid(af9195173ed926e47ad8f6dbe529c54e) Importer(2089858483,192608db42251d675da83286b1cce702)
Start importing Assets/LPHorse_Version_2_9/Version_2_9/ReactiveRider using Guid(af9195173ed926e47ad8f6dbe529c54e) Importer(2089858483,192608db42251d675da83286b1cce702) (ScriptedImporter) -> (artifact id: '61ef97b5bb1580f602d3c49472921d1a') in 0.0162355 seconds
Number of updated asset objects reloaded before import = 0Number of asset objects unloaded after import = 1

========================================================================
Received Import Request.
  Time since last request: 0.000025 seconds.
  path: Assets/LPHorse_Version_2_9/Version_2_9/Prefabs
  artifactKey: Guid(7c0f519b3142cbf439d777ba7ee8d6cb) Importer(2089858483,192608db42251d675da83286b1cce702)
Start importing Assets/LPHorse_Version_2_9/Version_2_9/Prefabs using Guid(7c0f519b3142cbf439d777ba7ee8d6cb) Importer(2089858483,192608db42251d675da83286b1cce702) (ScriptedImporter) -> (artifact id: 'fcc5d67f801b4bce8dd1ee41c24a99bd') in 0.0159871 seconds
Number of updated asset objects reloaded before import = 0Number of asset objects unloaded after import = 1

========================================================================
Received Import Request.
  Time since last request: 0.000026 seconds.
  path: Assets/LPHorse_Version_2_9/Version_2_31/Saddle/Materials/Saddle_Pad_Blue.mat
  artifactKey: Guid(5c768bc69548d284b94e0545a51a9eaf) Importer(2089858483,192608db42251d675da83286b1cce702)
Start importing Assets/LPHorse_Version_2_9/Version_2_31/Saddle/Materials/Saddle_Pad_Blue.mat using Guid(5c768bc69548d284b94e0545a51a9eaf) Importer(2089858483,192608db42251d675da83286b1cce702) (ScriptedImporter) -> (artifact id: '3fcbb85d78ecf22d48ac7805e5650a1f') in 0.0526506 seconds
Number of updated asset objects reloaded before import = 0Number of asset objects unloaded after import = 2

========================================================================
Received Import Request.
  Time since last request: 0.000029 seconds.
  path: Assets/LPHorse_Version_2_9/Version_2_9/Animations
  artifactKey: Guid(f21713212d28f4345b6eec2725e73d00) Importer(2089858483,192608db42251d675da83286b1cce702)
Start importing Assets/LPHorse_Version_2_9/Version_2_9/Animations using Guid(f21713212d28f4345b6eec2725e73d00) Importer(2089858483,192608db42251d675da83286b1cce702) (ScriptedImporter) -> (artifact id: '6cb5785bf2074820cb780d8db6ebd618') in 0.0177048 seconds
Number of updated asset objects reloaded before import = 0Number of asset objects unloaded after import = 1

========================================================================
Received Import Request.
  Time since last request: 0.000063 seconds.
  path: Assets/LPHorse_Version_2_9/Version_2_9/Animations/Transitions
  artifactKey: Guid(e23dbff5b772c664cae2f4d02e8067e3) Importer(2089858483,192608db42251d675da83286b1cce702)
Start importing Assets/LPHorse_Version_2_9/Version_2_9/Animations/Transitions using Guid(e23dbff5b772c664cae2f4d02e8067e3) Importer(2089858483,192608db42251d675da83286b1cce702) (ScriptedImporter) -> (artifact id: 'f43ebe1805c66d75fb2b0515cfc5bf7d') in 0.0171374 seconds
Number of updated asset objects reloaded before import = 0Number of asset objects unloaded after import = 1

========================================================================
Received Import Request.
  Time since last request: 0.000046 seconds.
  path: Assets/LPHorse_Version_2_9/DemoAssets/NewLayer.terrainlayer
  artifactKey: Guid(e4d5c6caf9b89b04c8d8436251c5fb9a) Importer(2089858483,192608db42251d675da83286b1cce702)
Start importing Assets/LPHorse_Version_2_9/DemoAssets/NewLayer.terrainlayer using Guid(e4d5c6caf9b89b04c8d8436251c5fb9a) Importer(2089858483,192608db42251d675da83286b1cce702) (ScriptedImporter) -> (artifact id: 'b8571c6d0a8160e3cdb178da4ce67abf') in 0.0225087 seconds
Number of updated asset objects reloaded before import = 0Number of asset objects unloaded after import = 2

========================================================================
Received Import Request.
  Time since last request: 0.000032 seconds.
  path: Assets/LPHorse_Version_2_9/Version_2_9/Animations/Transitions/Rig_Head_LookUp_CenterLeft_TransitionIn.anim
  artifactKey: Guid(0546deff2f46c5a489666e36a7518d61) Importer(2089858483,192608db42251d675da83286b1cce702)
Start importing Assets/LPHorse_Version_2_9/Version_2_9/Animations/Transitions/Rig_Head_LookUp_CenterLeft_TransitionIn.anim using Guid(0546deff2f46c5a489666e36a7518d61) Importer(2089858483,192608db42251d675da83286b1cce702) (ScriptedImporter) -> (artifact id: '4fc82f2deb2b3b194323e7518fcf5749') in 0.0350306 seconds
Number of updated asset objects reloaded before import = 0Number of asset objects unloaded after import = 1

========================================================================
Received Import Request.
  Time since last request: 0.000023 seconds.
  path: Assets/LPHorse_Version_2_9/Version_2_9/Animations/Animation_Information.txt
  artifactKey: Guid(550c30bd49a333644b2babbd8f027de8) Importer(2089858483,192608db42251d675da83286b1cce702)
Start importing Assets/LPHorse_Version_2_9/Version_2_9/Animations/Animation_Information.txt using Guid(550c30bd49a333644b2babbd8f027de8) Importer(2089858483,192608db42251d675da83286b1cce702) (ScriptedImporter) -> (artifact id: 'e5c56725f3501ea9cc9e1fe92fa05287') in 0.0157547 seconds
Number of updated asset objects reloaded before import = 0Number of asset objects unloaded after import = 1

========================================================================
Received Import Request.
  Time since last request: 0.000030 seconds.
  path: Assets/LPHorse_Version_2_9/Version_2_9/Prefabs/Not Saddled/LP_Horse_Mesh_2_9_Black_01 Variant.prefab
  artifactKey: Guid(b6863142b93bd4f41b8f16c6fb3fc42b) Importer(2089858483,192608db42251d675da83286b1cce702)
Start importing Assets/LPHorse_Version_2_9/Version_2_9/Prefabs/Not Saddled/LP_Horse_Mesh_2_9_Black_01 Variant.prefab using Guid(b6863142b93bd4f41b8f16c6fb3fc42b) Importer(2089858483,192608db42251d675da83286b1cce702) (ScriptedImporter) -> (artifact id: '99cb8e0031d9840ac9999c0acef664b5') in 0.034819 seconds
Number of updated asset objects reloaded before import = 0Number of asset objects unloaded after import = 1030

========================================================================
Received Import Request.
  Time since last request: 0.000920 seconds.
  path: Assets/LPHorse_Version_2_9/Version_2_9/Prefabs/Saddled/LPHorse_Saddled_Chestnut_02.prefab
  artifactKey: Guid(43340fb642f2b2742a7a4896a5c5b02d) Importer(2089858483,192608db42251d675da83286b1cce702)
Start importing Assets/LPHorse_Version_2_9/Version_2_9/Prefabs/Saddled/LPHorse_Saddled_Chestnut_02.prefab using Guid(43340fb642f2b2742a7a4896a5c5b02d) Importer(2089858483,192608db42251d675da83286b1cce702) (ScriptedImporter) -> (artifact id: 'd6f7fb642f267a0750e7fd5d889a0040') in 0.022041 seconds
Number of updated asset objects reloaded before import = 0Number of asset objects unloaded after import = 535

========================================================================
Received Import Request.
  Time since last request: 0.000028 seconds.
  path: Assets/LPHorse_Version_2_9/Version_2_9/Textures/Eye
  artifactKey: Guid(1b7929ea222ab054c9830eef11e67c63) Importer(2089858483,192608db42251d675da83286b1cce702)
Start importing Assets/LPHorse_Version_2_9/Version_2_9/Textures/Eye using Guid(1b7929ea222ab054c9830eef11e67c63) Importer(2089858483,192608db42251d675da83286b1cce702) (ScriptedImporter) -> (artifact id: '1188186fb87165def8ecba47d9e77140') in 0.0168077 seconds
Number of updated asset objects reloaded before import = 0Number of asset objects unloaded after import = 1

========================================================================
Received Import Request.
  Time since last request: 0.000018 seconds.
  path: Assets/LPHorse_Version_2_9/Version_2_9/Animations/Transitions/Rig_Head_LookUp_CenterRight_TransitionOut.anim
  artifactKey: Guid(8f5df41404c14064080d0fdb09ad6418) Importer(2089858483,192608db42251d675da83286b1cce702)
Start importing Assets/LPHorse_Version_2_9/Version_2_9/Animations/Transitions/Rig_Head_LookUp_CenterRight_TransitionOut.anim using Guid(8f5df41404c14064080d0fdb09ad6418) Importer(2089858483,192608db42251d675da83286b1cce702) (ScriptedImporter) -> (artifact id: '6c04b2be9303483c958e4a1a96826040') in 0.030207 seconds
Number of updated asset objects reloaded before import = 0Number of asset objects unloaded after import = 1

========================================================================
Received Import Request.
  Time since last request: 0.000023 seconds.
  path: Assets/LPHorse_Version_2_9/Version_2_31/Horse3D/Materials/Body_BayWhite.mat
  artifactKey: Guid(ac3e162b375490d45b69b5b5456fc3da) Importer(2089858483,192608db42251d675da83286b1cce702)
Start importing Assets/LPHorse_Version_2_9/Version_2_31/Horse3D/Materials/Body_BayWhite.mat using Guid(ac3e162b375490d45b69b5b5456fc3da) Importer(2089858483,192608db42251d675da83286b1cce702) (ScriptedImporter) -> (artifact id: 'a82dc0320848ed6573966cf461fe116c') in 0.0259562 seconds
Number of updated asset objects reloaded before import = 0Number of asset objects unloaded after import = 3

========================================================================
Received Import Request.
  Time since last request: 0.000025 seconds.
  path: Assets/LPHorse_Version_2_9/Version_2_9/Animations/Primary_Actions/Rig_RearUp_Full_Right.anim
  artifactKey: Guid(930a58fa8cd328047a58130c4cc7b9fa) Importer(2089858483,192608db42251d675da83286b1cce702)
Start importing Assets/LPHorse_Version_2_9/Version_2_9/Animations/Primary_Actions/Rig_RearUp_Full_Right.anim using Guid(930a58fa8cd328047a58130c4cc7b9fa) Importer(2089858483,192608db42251d675da83286b1cce702) (ScriptedImporter) -> (artifact id: '6ce9e13993877ac1fe7324ab01e75147') in 0.078653 seconds
Number of updated asset objects reloaded before import = 0Number of asset objects unloaded after import = 1

========================================================================
Received Import Request.
  Time since last request: 0.000036 seconds.
  path: Assets/LPHorse_Version_2_9/Version_2_9/ReactiveRider/Scripts/RRSetIK.cs
  artifactKey: Guid(2c857b0f1893a0143b5e36641bddafc7) Importer(2089858483,192608db42251d675da83286b1cce702)
Start importing Assets/LPHorse_Version_2_9/Version_2_9/ReactiveRider/Scripts/RRSetIK.cs using Guid(2c857b0f1893a0143b5e36641bddafc7) Importer(2089858483,192608db42251d675da83286b1cce702) (ScriptedImporter) -> (artifact id: 'df5424c8c7095bf6fc1a521f98cdeaf7') in 0.0165555 seconds
Number of updated asset objects reloaded before import = 0Number of asset objects unloaded after import = 0

========================================================================
Received Import Request.
  Time since last request: 0.000027 seconds.
  path: Assets/LPHorse_Version_2_9/Version_2_9/Animations/Additive_Animations/Head/Secondary/Rig_Head_Snap_Forward_2_Quick.anim
  artifactKey: Guid(1ebf841c19d2d6d448aecbc46f77145d) Importer(2089858483,192608db42251d675da83286b1cce702)
Start importing Assets/LPHorse_Version_2_9/Version_2_9/Animations/Additive_Animations/Head/Secondary/Rig_Head_Snap_Forward_2_Quick.anim using Guid(1ebf841c19d2d6d448aecbc46f77145d) Importer(2089858483,192608db42251d675da83286b1cce702) (ScriptedImporter) -> (artifact id: '23772690267ba3a9835759c26191f323') in 0.0347924 seconds
Number of updated asset objects reloaded before import = 0Number of asset objects unloaded after import = 1

========================================================================
Received Import Request.
  Time since last request: 0.055995 seconds.
  path: Assets/LPHorse_Version_2_9/Version_2_9/Animations/Primary_Actions/Rig_Shy_Left.anim
  artifactKey: Guid(62f3a605751efa6408203ef9d9df14e8) Importer(2089858483,192608db42251d675da83286b1cce702)
Start importing Assets/LPHorse_Version_2_9/Version_2_9/Animations/Primary_Actions/Rig_Shy_Left.anim using Guid(62f3a605751efa6408203ef9d9df14e8) Importer(2089858483,192608db42251d675da83286b1cce702) (ScriptedImporter) -> (artifact id: '5aae4883cb2cc44c43e918be7b56fd75') in 0.045125 seconds
Number of updated asset objects reloaded before import = 0Number of asset objects unloaded after import = 1

========================================================================
Received Import Request.
  Time since last request: 0.000032 seconds.
  path: Assets/LPHorse_Version_2_9/Version_2_31/Horse3D/Textures/Horse_Body_WhiteWhite.png
  artifactKey: Guid(cf6818c42b983874e8c7170c02cdea34) Importer(2089858483,192608db42251d675da83286b1cce702)
Start importing Assets/LPHorse_Version_2_9/Version_2_31/Horse3D/Textures/Horse_Body_WhiteWhite.png using Guid(cf6818c42b983874e8c7170c02cdea34) Importer(2089858483,192608db42251d675da83286b1cce702) (ScriptedImporter) -> (artifact id: '37b39bb3ea8496b76c4aec7070f3fc7e') in 0.0241066 seconds
Number of updated asset objects reloaded before import = 0Number of asset objects unloaded after import = 1

========================================================================
Received Import Request.
  Time since last request: 0.000042 seconds.
  path: Assets/LPHorse_Version_2_9/Version_2_9/ReactiveRider/Masks/Human_Chest.mask
  artifactKey: Guid(fe9211a1822ac0b4ba85e9e11b3e56f9) Importer(2089858483,192608db42251d675da83286b1cce702)
Start importing Assets/LPHorse_Version_2_9/Version_2_9/ReactiveRider/Masks/Human_Chest.mask using Guid(fe9211a1822ac0b4ba85e9e11b3e56f9) Importer(2089858483,192608db42251d675da83286b1cce702) (ScriptedImporter) -> (artifact id: '5a3e9dc97856b8c8ca352abdcbcab053') in 0.0141675 seconds
Number of updated asset objects reloaded before import = 0Number of asset objects unloaded after import = 1

========================================================================
Received Import Request.
  Time since last request: 0.000044 seconds.
  path: Assets/LPHorse_Version_2_9/Version_2_9/ReactiveRider/Animations/HumanRig_HorsebackLegClosed.anim
  artifactKey: Guid(00c07381f7a6c274ca69c5b139c7ef14) Importer(2089858483,192608db42251d675da83286b1cce702)
Start importing Assets/LPHorse_Version_2_9/Version_2_9/ReactiveRider/Animations/HumanRig_HorsebackLegClosed.anim using Guid(00c07381f7a6c274ca69c5b139c7ef14) Importer(2089858483,192608db42251d675da83286b1cce702) (ScriptedImporter) -> (artifact id: '42f3bdc3bf30418d165cfef29cb781ea') in 0.0232389 seconds
Number of updated asset objects reloaded before import = 0Number of asset objects unloaded after import = 1

========================================================================
Received Import Request.
  Time since last request: 0.000023 seconds.
  path: Assets/LPHorse_Version_2_9/Version_2_9/Animations/Override_Animations/Nostril/Rig_Breathing_Heavy.anim
  artifactKey: Guid(19566200af923464986666c9b2c9ef1a) Importer(2089858483,192608db42251d675da83286b1cce702)
Start importing Assets/LPHorse_Version_2_9/Version_2_9/Animations/Override_Animations/Nostril/Rig_Breathing_Heavy.anim using Guid(19566200af923464986666c9b2c9ef1a) Importer(2089858483,192608db42251d675da83286b1cce702) (ScriptedImporter) -> (artifact id: 'd3c86f2d8322b547dbf6dd902b908590') in 0.0304917 seconds
Number of updated asset objects reloaded before import = 0Number of asset objects unloaded after import = 1

========================================================================
Received Import Request.
  Time since last request: 0.000027 seconds.
  path: Assets/LPHorse_Version_2_9/Version_2_9/Saddle
  artifactKey: Guid(3df74e6b5d98d3748a2a019271c2cef2) Importer(2089858483,192608db42251d675da83286b1cce702)
Start importing Assets/LPHorse_Version_2_9/Version_2_9/Saddle using Guid(3df74e6b5d98d3748a2a019271c2cef2) Importer(2089858483,192608db42251d675da83286b1cce702) (ScriptedImporter) -> (artifact id: '754ff5d71737bf9734be6f5fc20f735c') in 0.016278 seconds
Number of updated asset objects reloaded before import = 0Number of asset objects unloaded after import = 1

========================================================================
Received Import Request.
  Time since last request: 0.000025 seconds.
  path: Assets/LPHorse_Version_2_9/Version_2_9/Animations/Primary_Actions/Rig_Jump_Low_Right.anim
  artifactKey: Guid(402b3f66c0afdcd49a6d284bf8e7768e) Importer(2089858483,192608db42251d675da83286b1cce702)
Start importing Assets/LPHorse_Version_2_9/Version_2_9/Animations/Primary_Actions/Rig_Jump_Low_Right.anim using Guid(402b3f66c0afdcd49a6d284bf8e7768e) Importer(2089858483,192608db42251d675da83286b1cce702) (ScriptedImporter) -> (artifact id: '72cb679c1eef923ec90a3f4aec1c35b9') in 0.1141797 seconds
Number of updated asset objects reloaded before import = 0Number of asset objects unloaded after import = 1

========================================================================
Received Import Request.
  Time since last request: 0.020210 seconds.
  path: Assets/LPHorse_Version_2_9/Version_2_9/Mesh
  artifactKey: Guid(eff23490de7648748b2f3e6b012fadb4) Importer(2089858483,192608db42251d675da83286b1cce702)
Start importing Assets/LPHorse_Version_2_9/Version_2_9/Mesh using Guid(eff23490de7648748b2f3e6b012fadb4) Importer(2089858483,192608db42251d675da83286b1cce702) (ScriptedImporter) -> (artifact id: 'c76405ac5babb72f455e8c099a5d5a96') in 0.0136829 seconds
Number of updated asset objects reloaded before import = 0Number of asset objects unloaded after import = 1

========================================================================
Received Import Request.
  Time since last request: 0.000022 seconds.
  path: Assets/LPHorse_Version_2_9/Version_2_9/Animations/Additive_Animations/Head/Primary/Idle_Reference/Rig_Head_LookLeft_Light_IdleReference.anim
  artifactKey: Guid(2bc8c645c90b9334ba6ddc6da9b9d5ef) Importer(2089858483,192608db42251d675da83286b1cce702)
Start importing Assets/LPHorse_Version_2_9/Version_2_9/Animations/Additive_Animations/Head/Primary/Idle_Reference/Rig_Head_LookLeft_Light_IdleReference.anim using Guid(2bc8c645c90b9334ba6ddc6da9b9d5ef) Importer(2089858483,192608db42251d675da83286b1cce702) (ScriptedImporter) -> (artifact id: '37e729e98eed6f81af1cb15cf7ab3e59') in 0.0312512 seconds
Number of updated asset objects reloaded before import = 0Number of asset objects unloaded after import = 1

========================================================================
Received Import Request.
  Time since last request: 0.000026 seconds.
  path: Assets/LPHorse_Version_2_9/Version_2_9/Prefabs/Saddled With ReactiveRider/LPHorse_RR_Chestnut_02.prefab
  artifactKey: Guid(cee5075e2d9d6f34da03d22f56eace59) Importer(2089858483,192608db42251d675da83286b1cce702)
Start importing Assets/LPHorse_Version_2_9/Version_2_9/Prefabs/Saddled With ReactiveRider/LPHorse_RR_Chestnut_02.prefab using Guid(cee5075e2d9d6f34da03d22f56eace59) Importer(2089858483,192608db42251d675da83286b1cce702) (ScriptedImporter) -> (artifact id: '192e489cd06e2dd3d1cf060750a19f67') in 0.0250166 seconds
Number of updated asset objects reloaded before import = 0Number of asset objects unloaded after import = 1082

========================================================================
Received Import Request.
  Time since last request: 0.000212 seconds.
  path: Assets/LPHorse_Version_2_9/Version_2_9/Animations/Additive_Animations/Legs/Rig_BackLeg_Paw_Light_Right.anim
  artifactKey: Guid(25747e2affb8a404da328aba14c87219) Importer(2089858483,192608db42251d675da83286b1cce702)
Start importing Assets/LPHorse_Version_2_9/Version_2_9/Animations/Additive_Animations/Legs/Rig_BackLeg_Paw_Light_Right.anim using Guid(25747e2affb8a404da328aba14c87219) Importer(2089858483,192608db42251d675da83286b1cce702) (ScriptedImporter) -> (artifact id: '9ae58a5e208708129dd75ad56cf237a1') in 0.0287905 seconds
Number of updated asset objects reloaded before import = 0Number of asset objects unloaded after import = 1

========================================================================
Received Import Request.
  Time since last request: 0.000024 seconds.
  path: Assets/LPHorse_Version_2_9/Version_2_9/Animations/Additive_Animations/Legs/Rig_BackLeg_Tap_Left.anim
  artifactKey: Guid(9995cd3908afaac40baa12365326bf95) Importer(2089858483,192608db42251d675da83286b1cce702)
Start importing Assets/LPHorse_Version_2_9/Version_2_9/Animations/Additive_Animations/Legs/Rig_BackLeg_Tap_Left.anim using Guid(9995cd3908afaac40baa12365326bf95) Importer(2089858483,192608db42251d675da83286b1cce702) (ScriptedImporter) -> (artifact id: 'c4cb55176c667a51a33aa4a36ee95b30') in 0.0297694 seconds
Number of updated asset objects reloaded before import = 0Number of asset objects unloaded after import = 1

========================================================================
Received Import Request.
  Time since last request: 0.000033 seconds.
  path: Assets/LPHorse_Version_2_9/Version_2_9/ReactiveRider/Prefabs
  artifactKey: Guid(f1b8ab828c25a4642a123ba89fb8b2a8) Importer(2089858483,192608db42251d675da83286b1cce702)
Start importing Assets/LPHorse_Version_2_9/Version_2_9/ReactiveRider/Prefabs using Guid(f1b8ab828c25a4642a123ba89fb8b2a8) Importer(2089858483,192608db42251d675da83286b1cce702) (ScriptedImporter) -> (artifact id: '1ea1448f973ef53396388505d590aac7') in 0.0145396 seconds
Number of updated asset objects reloaded before import = 0Number of asset objects unloaded after import = 1

========================================================================
Received Import Request.
  Time since last request: 0.000021 seconds.
  path: Assets/LPHorse_Version_2_9/Version_2_31/Horse3D/Materials/Body_ChestnutBlack.mat
  artifactKey: Guid(82a3443d5e9512b44acadc2d8fc5f8c1) Importer(2089858483,192608db42251d675da83286b1cce702)
Start importing Assets/LPHorse_Version_2_9/Version_2_31/Horse3D/Materials/Body_ChestnutBlack.mat using Guid(82a3443d5e9512b44acadc2d8fc5f8c1) Importer(2089858483,192608db42251d675da83286b1cce702) (ScriptedImporter) -> (artifact id: '71fa33c6469ef63c1feef59b77103ad0') in 0.0209389 seconds
Number of updated asset objects reloaded before import = 0Number of asset objects unloaded after import = 3

========================================================================
Received Import Request.
  Time since last request: 0.000022 seconds.
  path: Assets/LPHorse_Version_2_9/Version_2_9/Saddle/Materials/Saddle_Main_Dark.mat
  artifactKey: Guid(9bc5de21abac3604680620a3b117d336) Importer(2089858483,192608db42251d675da83286b1cce702)
Start importing Assets/LPHorse_Version_2_9/Version_2_9/Saddle/Materials/Saddle_Main_Dark.mat using Guid(9bc5de21abac3604680620a3b117d336) Importer(2089858483,192608db42251d675da83286b1cce702) (ScriptedImporter) -> (artifact id: 'ee92a9637c73c5312b6f23e4992567e0') in 0.0235781 seconds
Number of updated asset objects reloaded before import = 0Number of asset objects unloaded after import = 3

========================================================================
Received Import Request.
  Time since last request: 0.077431 seconds.
  path: Assets/LPHorse_Version_2_9/Version_2_31/Horse3D/Horse3D_Opt_Ver4.fbx
  artifactKey: Guid(233b230b862737048af21a9549932a0e) Importer(2089858483,192608db42251d675da83286b1cce702)
Start importing Assets/LPHorse_Version_2_9/Version_2_31/Horse3D/Horse3D_Opt_Ver4.fbx using Guid(233b230b862737048af21a9549932a0e) Importer(2089858483,192608db42251d675da83286b1cce702) (ScriptedImporter) -> (artifact id: '474a80d6120b5cc0e6eff9b713cc853f') in 0.0645519 seconds
Number of updated asset objects reloaded before import = 0Number of asset objects unloaded after import = 288

========================================================================
Received Import Request.
  Time since last request: 0.000027 seconds.
  path: Assets/LPHorse_Version_2_9/Version_2_9/Prefabs/Not Saddled/LP_Horse_Mesh_2_9_Brown_01 Variant.prefab
  artifactKey: Guid(24a0fff7b6ace4643a22fe41f72cbc0f) Importer(2089858483,192608db42251d675da83286b1cce702)
Start importing Assets/LPHorse_Version_2_9/Version_2_9/Prefabs/Not Saddled/LP_Horse_Mesh_2_9_Brown_01 Variant.prefab using Guid(24a0fff7b6ace4643a22fe41f72cbc0f) Importer(2089858483,192608db42251d675da83286b1cce702) (ScriptedImporter) -> (artifact id: 'fa9b321b69de634b15c49e0ec939e010') in 0.0260578 seconds
Number of updated asset objects reloaded before import = 0Number of asset objects unloaded after import = 1030

========================================================================
Received Import Request.
  Time since last request: 0.000022 seconds.
  path: Assets/LPHorse_Version_2_9/Version_2_9/Animations/Additive_Animations/LeanAndCurve/Rig_SpinalCurve_Left_RefCW.anim
  artifactKey: Guid(e0444643a99274847924c04d2a00b4a0) Importer(2089858483,192608db42251d675da83286b1cce702)
Start importing Assets/LPHorse_Version_2_9/Version_2_9/Animations/Additive_Animations/LeanAndCurve/Rig_SpinalCurve_Left_RefCW.anim using Guid(e0444643a99274847924c04d2a00b4a0) Importer(2089858483,192608db42251d675da83286b1cce702) (ScriptedImporter) -> (artifact id: '79f0d1d342b899278e1080f360b964f1') in 0.0323671 seconds
Number of updated asset objects reloaded before import = 0Number of asset objects unloaded after import = 1

========================================================================
Received Import Request.
  Time since last request: 0.000027 seconds.
  path: Assets/LPHorse_Version_2_9/Scenes/Demo.unity
  artifactKey: Guid(6ecf294fcf53a3847b26ec8f889a0160) Importer(2089858483,192608db42251d675da83286b1cce702)
Start importing Assets/LPHorse_Version_2_9/Scenes/Demo.unity using Guid(6ecf294fcf53a3847b26ec8f889a0160) Importer(2089858483,192608db42251d675da83286b1cce702) (ScriptedImporter) -> (artifact id: '06ffa73619be02e035c4a9bcbb1d1d67') in 0.0187569 seconds
Number of updated asset objects reloaded before import = 0Number of asset objects unloaded after import = 1

========================================================================
Received Import Request.
  Time since last request: 0.000048 seconds.
  path: Assets/LPHorse_Version_2_9/Version_2_9/Prefabs/Not Saddled/LP_Horse_Mesh_2_9_Tan_02 Variant.prefab
  artifactKey: Guid(03970aa160d51df4aabcc6eb43880f81) Importer(2089858483,192608db42251d675da83286b1cce702)
Start importing Assets/LPHorse_Version_2_9/Version_2_9/Prefabs/Not Saddled/LP_Horse_Mesh_2_9_Tan_02 Variant.prefab using Guid(03970aa160d51df4aabcc6eb43880f81) Importer(2089858483,192608db42251d675da83286b1cce702) (ScriptedImporter) -> (artifact id: 'ca9f9c91dbd55e44a24073e6cfa3b520') in 0.0273848 seconds
Number of updated asset objects reloaded before import = 0Number of asset objects unloaded after import = 1030

========================================================================
Received Import Request.
  Time since last request: 0.000023 seconds.
  path: Assets/LPHorse_Version_2_9/Version_2_31/Horse3D/Materials/Body_TanBlack.mat
  artifactKey: Guid(3ed8d1bdbcee6e346be05552cf87ea83) Importer(2089858483,192608db42251d675da83286b1cce702)
Start importing Assets/LPHorse_Version_2_9/Version_2_31/Horse3D/Materials/Body_TanBlack.mat using Guid(3ed8d1bdbcee6e346be05552cf87ea83) Importer(2089858483,192608db42251d675da83286b1cce702) (ScriptedImporter) -> (artifact id: '1e241e169595c36e4b1186fdf99111b6') in 0.0229169 seconds
Number of updated asset objects reloaded before import = 0Number of asset objects unloaded after import = 3

========================================================================
Received Import Request.
  Time since last request: 0.000015 seconds.
  path: Assets/LPHorse_Version_2_9/Version_2_9/Animations/Transitions/Rig_Walk_Transition_FromIdle_Right.anim
  artifactKey: Guid(127a1db18e11f574bbdac04b666930d5) Importer(2089858483,192608db42251d675da83286b1cce702)
Start importing Assets/LPHorse_Version_2_9/Version_2_9/Animations/Transitions/Rig_Walk_Transition_FromIdle_Right.anim using Guid(127a1db18e11f574bbdac04b666930d5) Importer(2089858483,192608db42251d675da83286b1cce702) (ScriptedImporter) -> (artifact id: '84da72388115da398e9aec5cc9d16cf6') in 0.0358036 seconds
Number of updated asset objects reloaded before import = 0Number of asset objects unloaded after import = 1

========================================================================
Received Import Request.
  Time since last request: 0.000029 seconds.
  path: Assets/LPHorse_Version_2_9/Version_2_9/Animations/Additive_Animations/Head/Secondary/Rig_Head_SnortLeft.anim
  artifactKey: Guid(ad62958a952be9a4b94995164099adcf) Importer(2089858483,192608db42251d675da83286b1cce702)
Start importing Assets/LPHorse_Version_2_9/Version_2_9/Animations/Additive_Animations/Head/Secondary/Rig_Head_SnortLeft.anim using Guid(ad62958a952be9a4b94995164099adcf) Importer(2089858483,192608db42251d675da83286b1cce702) (ScriptedImporter) -> (artifact id: 'ee4d836a40bcae68a982ae1ec32d4e95') in 0.0350638 seconds
Number of updated asset objects reloaded before import = 0Number of asset objects unloaded after import = 1

========================================================================
Received Import Request.
  Time since last request: 0.006615 seconds.
  path: Assets/LPHorse_Version_2_9/Version_2_9/Animations/Additive_Animations/Legs/Rig_BackLeg_Paw_Heavy_Left.anim
  artifactKey: Guid(8a9a8ed1dbb59e04ab292a7c2bbe9ce7) Importer(2089858483,192608db42251d675da83286b1cce702)
Start importing Assets/LPHorse_Version_2_9/Version_2_9/Animations/Additive_Animations/Legs/Rig_BackLeg_Paw_Heavy_Left.anim using Guid(8a9a8ed1dbb59e04ab292a7c2bbe9ce7) Importer(2089858483,192608db42251d675da83286b1cce702) (ScriptedImporter) -> (artifact id: '00e800edb848e90b9e32c9e7e4580092') in 0.0346082 seconds
Number of updated asset objects reloaded before import = 0Number of asset objects unloaded after import = 1

========================================================================
Received Import Request.
  Time since last request: 0.000027 seconds.
  path: Assets/_TerrainAutoUpgrade
  artifactKey: Guid(391438d54e8f2f948bba6e95dc2821b7) Importer(2089858483,192608db42251d675da83286b1cce702)
Start importing Assets/_TerrainAutoUpgrade using Guid(391438d54e8f2f948bba6e95dc2821b7) Importer(2089858483,192608db42251d675da83286b1cce702) (ScriptedImporter) -> (artifact id: 'aaed76376edbed82f0708c7f25b759e9') in 0.0144704 seconds
Number of updated asset objects reloaded before import = 0Number of asset objects unloaded after import = 1

========================================================================
Received Import Request.
  Time since last request: 0.000019 seconds.
  path: Assets/Fantasy Forest Environment Free Sample/Meshes
  artifactKey: Guid(eaaaee0f57e935647bce706f4ad8f73b) Importer(2089858483,192608db42251d675da83286b1cce702)
Start importing Assets/Fantasy Forest Environment Free Sample/Meshes using Guid(eaaaee0f57e935647bce706f4ad8f73b) Importer(2089858483,192608db42251d675da83286b1cce702) (ScriptedImporter) -> (artifact id: 'f2a659cc3ee2b0489a103b82ecdd12dd') in 0.015483 seconds
Number of updated asset objects reloaded before import = 0Number of asset objects unloaded after import = 1

========================================================================
Received Import Request.
  Time since last request: 0.000023 seconds.
  path: Assets/Fantasy Forest Environment Free Sample/Materials/skyMaterial.mat
  artifactKey: Guid(cb20c710b0721ef4d88cabbec2aa4da7) Importer(2089858483,192608db42251d675da83286b1cce702)
Start importing Assets/Fantasy Forest Environment Free Sample/Materials/skyMaterial.mat using Guid(cb20c710b0721ef4d88cabbec2aa4da7) Importer(2089858483,192608db42251d675da83286b1cce702) (ScriptedImporter) -> (artifact id: 'd0e91d032398d8065a5c60f2272e4baf') in 0.0185055 seconds
Number of updated asset objects reloaded before import = 0Number of asset objects unloaded after import = 1

========================================================================
Received Import Request.
  Time since last request: 0.000029 seconds.
  path: Assets/Fantasy Forest Environment Free Sample/Materials/tree_branches.mat
  artifactKey: Guid(16a185093c7e02d40a49265c23c74417) Importer(2089858483,192608db42251d675da83286b1cce702)
Start importing Assets/Fantasy Forest Environment Free Sample/Materials/tree_branches.mat using Guid(16a185093c7e02d40a49265c23c74417) Importer(2089858483,192608db42251d675da83286b1cce702) (ScriptedImporter) -> (artifact id: '0971d8e8620dacff274df8bfb9dc1949') in 0.0163639 seconds
Number of updated asset objects reloaded before import = 0Number of asset objects unloaded after import = 2

========================================================================
Received Import Request.
  Time since last request: 0.000037 seconds.
  path: Assets/LPHorse_Version_2_9/Version_2_9/Textures
  artifactKey: Guid(74e3c9bf8508b3b44a38b2b97bc17982) Importer(2089858483,192608db42251d675da83286b1cce702)
Start importing Assets/LPHorse_Version_2_9/Version_2_9/Textures using Guid(74e3c9bf8508b3b44a38b2b97bc17982) Importer(2089858483,192608db42251d675da83286b1cce702) (ScriptedImporter) -> (artifact id: 'ce06dd4084895448cac7ff898a860534') in 0.0140776 seconds
Number of updated asset objects reloaded before import = 0Number of asset objects unloaded after import = 1

========================================================================
Received Import Request.
  Time since last request: 0.000025 seconds.
  path: Assets/LPHorse_Version_2_9/Version_2_31/Horse3D/Textures/Horse_Body_BlackBlack.png
  artifactKey: Guid(30302f3f7e07fe34999a676f299db036) Importer(2089858483,192608db42251d675da83286b1cce702)
Start importing Assets/LPHorse_Version_2_9/Version_2_31/Horse3D/Textures/Horse_Body_BlackBlack.png using Guid(30302f3f7e07fe34999a676f299db036) Importer(2089858483,192608db42251d675da83286b1cce702) (ScriptedImporter) -> (artifact id: '0807505f835e5a89f7764aa8ab4d3579') in 0.0249111 seconds
Number of updated asset objects reloaded before import = 0Number of asset objects unloaded after import = 1

========================================================================
Received Import Request.
  Time since last request: 0.000028 seconds.
  path: Assets/Fantasy Forest Environment Free Sample/Meshes/Prefabs/tree_1.prefab
  artifactKey: Guid(eded051879df4c147b9010199d240258) Importer(2089858483,192608db42251d675da83286b1cce702)
Start importing Assets/Fantasy Forest Environment Free Sample/Meshes/Prefabs/tree_1.prefab using Guid(eded051879df4c147b9010199d240258) Importer(2089858483,192608db42251d675da83286b1cce702) (ScriptedImporter) -> (artifact id: 'b25a29014101abcf2bdf8e3054b0b2b8') in 0.0227458 seconds
Number of updated asset objects reloaded before import = 0Number of asset objects unloaded after import = 21

========================================================================
Received Import Request.
  Time since last request: 0.058785 seconds.
  path: Assets/LowpolyNatureBundle/Mesh/Mushroom_08.fbx
  artifactKey: Guid(db63211f9d87ad14ca182fd98958271d) Importer(2089858483,192608db42251d675da83286b1cce702)
Start importing Assets/LowpolyNatureBundle/Mesh/Mushroom_08.fbx using Guid(db63211f9d87ad14ca182fd98958271d) Importer(2089858483,192608db42251d675da83286b1cce702) (ScriptedImporter) -> (artifact id: '85bd58f3f379be889778ad61f2b2942b') in 0.0209778 seconds
Number of updated asset objects reloaded before import = 0Number of asset objects unloaded after import = 8

========================================================================
Received Import Request.
  Time since last request: 0.000018 seconds.
  path: Assets/Palmov Island/Low Poly Environment Park/Models/Park grounds
  artifactKey: Guid(014a714566e5de34380043c5b2ffcdb2) Importer(2089858483,192608db42251d675da83286b1cce702)
Start importing Assets/Palmov Island/Low Poly Environment Park/Models/Park grounds using Guid(014a714566e5de34380043c5b2ffcdb2) Importer(2089858483,192608db42251d675da83286b1cce702) (ScriptedImporter) -> (artifact id: '48a57e0d5e0d2a6ca75ad56325b3e368') in 0.0155429 seconds
Number of updated asset objects reloaded before import = 0Number of asset objects unloaded after import = 1

========================================================================
Received Import Request.
  Time since last request: 0.000022 seconds.
  path: Assets/LowpolyNatureBundle/Prefab/Bamboo_01.prefab
  artifactKey: Guid(fbab5f69badd9324e84bef8fdd0fadfc) Importer(2089858483,192608db42251d675da83286b1cce702)
Start importing Assets/LowpolyNatureBundle/Prefab/Bamboo_01.prefab using Guid(fbab5f69badd9324e84bef8fdd0fadfc) Importer(2089858483,192608db42251d675da83286b1cce702) (ScriptedImporter) -> (artifact id: '208093db744f687f962be99478d5c649') in 0.0185633 seconds
Number of updated asset objects reloaded before import = 0Number of asset objects unloaded after import = 8

========================================================================
Received Import Request.
  Time since last request: 0.000026 seconds.
  path: Assets/Palmov Island/Low Poly Environment Park/Scenes/Trees.unity
  artifactKey: Guid(d621ccd1d98032649b821ad6ba04d5c0) Importer(2089858483,192608db42251d675da83286b1cce702)
Start importing Assets/Palmov Island/Low Poly Environment Park/Scenes/Trees.unity using Guid(d621ccd1d98032649b821ad6ba04d5c0) Importer(2089858483,192608db42251d675da83286b1cce702) (ScriptedImporter) -> (artifact id: '98b9963845d0761efa13946c0b82d675') in 0.0228927 seconds
Number of updated asset objects reloaded before import = 0Number of asset objects unloaded after import = 1

========================================================================
Received Import Request.
  Time since last request: 0.000023 seconds.
  path: Assets/LowpolyNatureBundle/Prefab/Rock_03.prefab
  artifactKey: Guid(fd9e862afb15fd14ca05309c6790543f) Importer(2089858483,192608db42251d675da83286b1cce702)
Start importing Assets/LowpolyNatureBundle/Prefab/Rock_03.prefab using Guid(fd9e862afb15fd14ca05309c6790543f) Importer(2089858483,192608db42251d675da83286b1cce702) (ScriptedImporter) -> (artifact id: '070384970de9bf195f74db4c6afeb385') in 0.0218779 seconds
Number of updated asset objects reloaded before import = 0Number of asset objects unloaded after import = 8

========================================================================
Received Import Request.
  Time since last request: 0.000044 seconds.
  path: Assets/Palmov Island/Low Poly Environment Park/Models/Trees/tree without leaves 1.fbx
  artifactKey: Guid(964c82d7471b219428c7270980db4abc) Importer(2089858483,192608db42251d675da83286b1cce702)
Start importing Assets/Palmov Island/Low Poly Environment Park/Models/Trees/tree without leaves 1.fbx using Guid(964c82d7471b219428c7270980db4abc) Importer(2089858483,192608db42251d675da83286b1cce702) (ScriptedImporter) -> (artifact id: '65731d4bd0c2f2487d07c187f10b7aad') in 0.0249762 seconds
Number of updated asset objects reloaded before import = 0Number of asset objects unloaded after import = 8

========================================================================
Received Import Request.
  Time since last request: 0.000055 seconds.
  path: Assets/LowpolyNatureBundle/Mesh/WinterTree_01.fbx
  artifactKey: Guid(9986710595c07d64d98ee62570f24e8e) Importer(2089858483,192608db42251d675da83286b1cce702)
Start importing Assets/LowpolyNatureBundle/Mesh/WinterTree_01.fbx using Guid(9986710595c07d64d98ee62570f24e8e) Importer(2089858483,192608db42251d675da83286b1cce702) (ScriptedImporter) -> (artifact id: '8a56ddcbb101eb3a191fe0eca85e137c') in 0.0221695 seconds
Number of updated asset objects reloaded before import = 0Number of asset objects unloaded after import = 8

========================================================================
Received Import Request.
  Time since last request: 0.000020 seconds.
  path: Assets/LowpolyNatureBundle/Mesh/AutumnTree_04.fbx
  artifactKey: Guid(6e7bb7b424fbff94eafd22ed03c84532) Importer(2089858483,192608db42251d675da83286b1cce702)
Start importing Assets/LowpolyNatureBundle/Mesh/AutumnTree_04.fbx using Guid(6e7bb7b424fbff94eafd22ed03c84532) Importer(2089858483,192608db42251d675da83286b1cce702) (ScriptedImporter) -> (artifact id: 'cc5116dd6f2d45a33cb1a74454b41e91') in 0.02399 seconds
Number of updated asset objects reloaded before import = 0Number of asset objects unloaded after import = 8

========================================================================
Received Import Request.
  Time since last request: 0.000021 seconds.
  path: Assets/Palmov Island/Low Poly Environment Park/Models/Trees/sakura tree.fbx
  artifactKey: Guid(51e5bf6a6476be2438326a42e519cdc0) Importer(2089858483,192608db42251d675da83286b1cce702)
Start importing Assets/Palmov Island/Low Poly Environment Park/Models/Trees/sakura tree.fbx using Guid(51e5bf6a6476be2438326a42e519cdc0) Importer(2089858483,192608db42251d675da83286b1cce702) (ScriptedImporter) -> (artifact id: '0603387eda7f378411437c85bdc77e6a') in 0.0286135 seconds
Number of updated asset objects reloaded before import = 0Number of asset objects unloaded after import = 8

========================================================================
Received Import Request.
  Time since last request: 0.000031 seconds.
  path: Assets/Palmov Island/Low Poly Environment Park/Models/Environment/lamppost.fbx
  artifactKey: Guid(4ae667e39975ecc4fbd91f4115b24a45) Importer(2089858483,192608db42251d675da83286b1cce702)
Start importing Assets/Palmov Island/Low Poly Environment Park/Models/Environment/lamppost.fbx using Guid(4ae667e39975ecc4fbd91f4115b24a45) Importer(2089858483,192608db42251d675da83286b1cce702) (ScriptedImporter) -> (artifact id: 'b7de49845dbb86e576cc74ccb8487ab7') in 0.0191204 seconds
Number of updated asset objects reloaded before import = 0Number of asset objects unloaded after import = 8

========================================================================
Received Import Request.
  Time since last request: 0.000036 seconds.
  path: Assets/LowpolyNatureBundle/Mesh/WoodenTower_01.fbx
  artifactKey: Guid(6cd0d7cb70bda714485cad9448d5d15c) Importer(2089858483,192608db42251d675da83286b1cce702)
Start importing Assets/LowpolyNatureBundle/Mesh/WoodenTower_01.fbx using Guid(6cd0d7cb70bda714485cad9448d5d15c) Importer(2089858483,192608db42251d675da83286b1cce702) (ScriptedImporter) -> (artifact id: '4e68f55c38e0dc552c17d2c31504166d') in 0.0185935 seconds
Number of updated asset objects reloaded before import = 0Number of asset objects unloaded after import = 8

========================================================================
Received Import Request.
  Time since last request: 0.000019 seconds.
  path: Assets/LowpolyNatureBundle/Mesh/Mushroom_02.fbx
  artifactKey: Guid(95dfaa1df5456c24c9fbc731f4a3a9a1) Importer(2089858483,192608db42251d675da83286b1cce702)
Start importing Assets/LowpolyNatureBundle/Mesh/Mushroom_02.fbx using Guid(95dfaa1df5456c24c9fbc731f4a3a9a1) Importer(2089858483,192608db42251d675da83286b1cce702) (ScriptedImporter) -> (artifact id: '16630eb368137be5d7cd173f550c9e83') in 0.0238276 seconds
Number of updated asset objects reloaded before import = 0Number of asset objects unloaded after import = 8

========================================================================
Received Import Request.
  Time since last request: 0.000025 seconds.
  path: Assets/Palmov Island/Low Poly Environment Park/Models/Environment/trash can 1.fbx
  artifactKey: Guid(95644c8c819323d429fc5f07e225e781) Importer(2089858483,192608db42251d675da83286b1cce702)
Start importing Assets/Palmov Island/Low Poly Environment Park/Models/Environment/trash can 1.fbx using Guid(95644c8c819323d429fc5f07e225e781) Importer(2089858483,192608db42251d675da83286b1cce702) (ScriptedImporter) -> (artifact id: '2806b4a700d96eca08e61eff3320ebab') in 0.0239718 seconds
Number of updated asset objects reloaded before import = 0Number of asset objects unloaded after import = 8

========================================================================
Received Import Request.
  Time since last request: 0.000023 seconds.
  path: Assets/Palmov Island/Low Poly Environment Park/Models/Trees/dry palm tree.fbx
  artifactKey: Guid(e23dbeb709038e34ca039c7e04823959) Importer(2089858483,192608db42251d675da83286b1cce702)
Start importing Assets/Palmov Island/Low Poly Environment Park/Models/Trees/dry palm tree.fbx using Guid(e23dbeb709038e34ca039c7e04823959) Importer(2089858483,192608db42251d675da83286b1cce702) (ScriptedImporter) -> (artifact id: 'dd79731f0ef047a8ed09a1454c6d1f43') in 0.0226542 seconds
Number of updated asset objects reloaded before import = 0Number of asset objects unloaded after import = 8

========================================================================
Received Import Request.
  Time since last request: 0.000020 seconds.
  path: Assets/Palmov Island/Low Poly Environment Park/Materials
  artifactKey: Guid(96cd29f72633e44468578a65da45060e) Importer(2089858483,192608db42251d675da83286b1cce702)
Start importing Assets/Palmov Island/Low Poly Environment Park/Materials using Guid(96cd29f72633e44468578a65da45060e) Importer(2089858483,192608db42251d675da83286b1cce702) (ScriptedImporter) -> (artifact id: 'ad01e555d11f7ff2e8cf45ed70e93d36') in 0.0159522 seconds
Number of updated asset objects reloaded before import = 0Number of asset objects unloaded after import = 1

========================================================================
Received Import Request.
  Time since last request: 0.000034 seconds.
  path: Assets/Palmov Island/Low Poly Environment Park/Prefabs/Environment/carpet red.prefab
  artifactKey: Guid(36092e653377b174fb0366a9f88709ba) Importer(2089858483,192608db42251d675da83286b1cce702)
Start importing Assets/Palmov Island/Low Poly Environment Park/Prefabs/Environment/carpet red.prefab using Guid(36092e653377b174fb0366a9f88709ba) Importer(2089858483,192608db42251d675da83286b1cce702) (ScriptedImporter) -> (artifact id: '8e250f59505978f315af25636699ce41') in 0.0211794 seconds
Number of updated asset objects reloaded before import = 0Number of asset objects unloaded after import = 9

========================================================================
Received Import Request.
  Time since last request: 0.000025 seconds.
  path: Assets/LowpolyNatureBundle/Mesh/Brick_03.fbx
  artifactKey: Guid(9caf1a905c720b14bbb45999138b6015) Importer(2089858483,192608db42251d675da83286b1cce702)
Start importing Assets/LowpolyNatureBundle/Mesh/Brick_03.fbx using Guid(9caf1a905c720b14bbb45999138b6015) Importer(2089858483,192608db42251d675da83286b1cce702) (ScriptedImporter) -> (artifact id: '203f14c91eb8cd162779979685499e1b') in 0.0199844 seconds
Number of updated asset objects reloaded before import = 0Number of asset objects unloaded after import = 8

========================================================================
Received Import Request.
  Time since last request: 0.000021 seconds.
  path: Assets/LowpolyNatureBundle/Prefab/PottedPlants_01.prefab
  artifactKey: Guid(f840a950009de0643a3e61ab6cbe6a4b) Importer(2089858483,192608db42251d675da83286b1cce702)
Start importing Assets/LowpolyNatureBundle/Prefab/PottedPlants_01.prefab using Guid(f840a950009de0643a3e61ab6cbe6a4b) Importer(2089858483,192608db42251d675da83286b1cce702) (ScriptedImporter) -> (artifact id: '96a01894ffaf5490d7f254c3892dccc3') in 0.0208414 seconds
Number of updated asset objects reloaded before import = 0Number of asset objects unloaded after import = 8

========================================================================
Received Import Request.
  Time since last request: 0.000020 seconds.
  path: Assets/LowpolyNatureBundle/Mesh/Branch_02.fbx
  artifactKey: Guid(71ed0fd8dad15c24395fad925e6641d2) Importer(2089858483,192608db42251d675da83286b1cce702)
Start importing Assets/LowpolyNatureBundle/Mesh/Branch_02.fbx using Guid(71ed0fd8dad15c24395fad925e6641d2) Importer(2089858483,192608db42251d675da83286b1cce702) (ScriptedImporter) -> (artifact id: '97fc4300b113a038cbc42146ca6518be') in 0.0211303 seconds
Number of updated asset objects reloaded before import = 0Number of asset objects unloaded after import = 8

========================================================================
Received Import Request.
  Time since last request: 0.000026 seconds.
  path: Assets/LowpolyNatureBundle/Mesh/WoodenStool_01.fbx
  artifactKey: Guid(d785a9cb8174a2c488adfafa8432977a) Importer(2089858483,192608db42251d675da83286b1cce702)
Start importing Assets/LowpolyNatureBundle/Mesh/WoodenStool_01.fbx using Guid(d785a9cb8174a2c488adfafa8432977a) Importer(2089858483,192608db42251d675da83286b1cce702) (ScriptedImporter) -> (artifact id: '05ce806c04ab1dc051c2744774da0809') in 0.0245352 seconds
Number of updated asset objects reloaded before import = 0Number of asset objects unloaded after import = 8

========================================================================
Received Import Request.
  Time since last request: 0.000029 seconds.
  path: Assets/LowpolyNatureBundle/Prefab/Brick_02.prefab
  artifactKey: Guid(9776b104b265ab840ba68ec715a786ea) Importer(2089858483,192608db42251d675da83286b1cce702)
Start importing Assets/LowpolyNatureBundle/Prefab/Brick_02.prefab using Guid(9776b104b265ab840ba68ec715a786ea) Importer(2089858483,192608db42251d675da83286b1cce702) (ScriptedImporter) -> (artifact id: '299ebbe6ba01a8a88243cf3e28d20b07') in 0.0187158 seconds
Number of updated asset objects reloaded before import = 0Number of asset objects unloaded after import = 8

========================================================================
Received Import Request.
  Time since last request: 0.000041 seconds.
  path: Assets/LowpolyNatureBundle/Mesh/FoodTrough_Full.fbx
  artifactKey: Guid(02954ed9bed83bb46872110a3e9b9059) Importer(2089858483,192608db42251d675da83286b1cce702)
Start importing Assets/LowpolyNatureBundle/Mesh/FoodTrough_Full.fbx using Guid(02954ed9bed83bb46872110a3e9b9059) Importer(2089858483,192608db42251d675da83286b1cce702) (ScriptedImporter) -> (artifact id: 'b02d497854371afc5a329a7491259000') in 0.026353 seconds
Number of updated asset objects reloaded before import = 0Number of asset objects unloaded after import = 8

========================================================================
Received Import Request.
  Time since last request: 0.000020 seconds.
  path: Assets/Palmov Island/Low Poly Environment Park/Prefabs/Environment/fountain 3.prefab
  artifactKey: Guid(173b1027a6d1ed544a1379cedb067a9c) Importer(2089858483,192608db42251d675da83286b1cce702)
Start importing Assets/Palmov Island/Low Poly Environment Park/Prefabs/Environment/fountain 3.prefab using Guid(173b1027a6d1ed544a1379cedb067a9c) Importer(2089858483,192608db42251d675da83286b1cce702) (ScriptedImporter) -> (artifact id: '58636ada0d79170c2912a48469391700') in 0.021824 seconds
Number of updated asset objects reloaded before import = 0Number of asset objects unloaded after import = 9

========================================================================
Received Import Request.
  Time since last request: 0.000024 seconds.
  path: Assets/LowpolyNatureBundle/Prefab/Brick_04.prefab
  artifactKey: Guid(cf33a74c809d883448531cd55144d380) Importer(2089858483,192608db42251d675da83286b1cce702)
Start importing Assets/LowpolyNatureBundle/Prefab/Brick_04.prefab using Guid(cf33a74c809d883448531cd55144d380) Importer(2089858483,192608db42251d675da83286b1cce702) (ScriptedImporter) -> (artifact id: '2cede01485d50a62a6829a11960ec299') in 0.0180163 seconds
Number of updated asset objects reloaded before import = 0Number of asset objects unloaded after import = 8

========================================================================
Received Import Request.
  Time since last request: 0.000020 seconds.
  path: Assets/Palmov Island/Low Poly Environment Park
  artifactKey: Guid(7b942ddbb3b044307b143dcb9741210b) Importer(2089858483,192608db42251d675da83286b1cce702)
Start importing Assets/Palmov Island/Low Poly Environment Park using Guid(7b942ddbb3b044307b143dcb9741210b) Importer(2089858483,192608db42251d675da83286b1cce702) (ScriptedImporter) -> (artifact id: '48602ba0492b308aafffda46fbb8ecaa') in 0.0146483 seconds
Number of updated asset objects reloaded before import = 0Number of asset objects unloaded after import = 1

========================================================================
Received Import Request.
  Time since last request: 0.000022 seconds.
  path: Assets/Palmov Island
  artifactKey: Guid(c65af500465d90a45b568a9383499afd) Importer(2089858483,192608db42251d675da83286b1cce702)
Start importing Assets/Palmov Island using Guid(c65af500465d90a45b568a9383499afd) Importer(2089858483,192608db42251d675da83286b1cce702) (ScriptedImporter) -> (artifact id: '81edb9f53b9201cb55fb2c0d198fb860') in 0.0163393 seconds
Number of updated asset objects reloaded before import = 0Number of asset objects unloaded after import = 1

========================================================================
Received Import Request.
  Time since last request: 0.000045 seconds.
  path: Assets/Palmov Island/Low Poly Environment Park/Models/Environment/bench 1.fbx
  artifactKey: Guid(253f4f099995a0841bd45d8409fd865a) Importer(2089858483,192608db42251d675da83286b1cce702)
Start importing Assets/Palmov Island/Low Poly Environment Park/Models/Environment/bench 1.fbx using Guid(253f4f099995a0841bd45d8409fd865a) Importer(2089858483,192608db42251d675da83286b1cce702) (ScriptedImporter) -> (artifact id: '7f7601e85379ba1f9210e54f53e405b6') in 0.0236726 seconds
Number of updated asset objects reloaded before import = 0Number of asset objects unloaded after import = 8

========================================================================
Received Import Request.
  Time since last request: 0.000022 seconds.
  path: Assets/Palmov Island/Low Poly Environment Park/Prefabs/Environment/bench 2.prefab
  artifactKey: Guid(78ba3061802f56a458a85b155906b062) Importer(2089858483,192608db42251d675da83286b1cce702)
Start importing Assets/Palmov Island/Low Poly Environment Park/Prefabs/Environment/bench 2.prefab using Guid(78ba3061802f56a458a85b155906b062) Importer(2089858483,192608db42251d675da83286b1cce702) (ScriptedImporter) -> (artifact id: '3898b17b902758ca0ecf076301293f7e') in 0.0205919 seconds
Number of updated asset objects reloaded before import = 0Number of asset objects unloaded after import = 9

========================================================================
Received Import Request.
  Time since last request: 0.000021 seconds.
  path: Assets/Palmov Island/Low Poly Environment Park/Models/Trees/japanese deciduous tree.fbx
  artifactKey: Guid(98b6f40612be1ed428692ea226916db8) Importer(2089858483,192608db42251d675da83286b1cce702)
Start importing Assets/Palmov Island/Low Poly Environment Park/Models/Trees/japanese deciduous tree.fbx using Guid(98b6f40612be1ed428692ea226916db8) Importer(2089858483,192608db42251d675da83286b1cce702) (ScriptedImporter) -> (artifact id: 'e34ccf6be21935d65f03451a92ff467f') in 0.0292028 seconds
Number of updated asset objects reloaded before import = 0Number of asset objects unloaded after import = 8

========================================================================
Received Import Request.
  Time since last request: 0.000018 seconds.
  path: Assets/Palmov Island/Low Poly Environment Park/Models/Environment/carpet red.fbx
  artifactKey: Guid(358b840743147954199e5da2c3d8d1b6) Importer(2089858483,192608db42251d675da83286b1cce702)
Start importing Assets/Palmov Island/Low Poly Environment Park/Models/Environment/carpet red.fbx using Guid(358b840743147954199e5da2c3d8d1b6) Importer(2089858483,192608db42251d675da83286b1cce702) (ScriptedImporter) -> (artifact id: 'e4d23b970f6d3996182e8a001b348979') in 0.0223013 seconds
Number of updated asset objects reloaded before import = 0Number of asset objects unloaded after import = 8

========================================================================
Received Import Request.
  Time since last request: 0.000028 seconds.
  path: Assets/LowpolyNatureBundle/Mesh/Brick_04.fbx
  artifactKey: Guid(7859df571da82914e8863cb2d9a5d735) Importer(2089858483,192608db42251d675da83286b1cce702)
Start importing Assets/LowpolyNatureBundle/Mesh/Brick_04.fbx using Guid(7859df571da82914e8863cb2d9a5d735) Importer(2089858483,192608db42251d675da83286b1cce702) (ScriptedImporter) -> (artifact id: 'c554495ecdc1d1bbc7444d5dbe9cf9dc') in 0.0229484 seconds
Number of updated asset objects reloaded before import = 0Number of asset objects unloaded after import = 8

========================================================================
Received Import Request.
  Time since last request: 0.000047 seconds.
  path: Assets/Palmov Island/Low Poly Environment Park/Models/Environment
  artifactKey: Guid(427c1aa4b7a05854f88379b935c319c4) Importer(2089858483,192608db42251d675da83286b1cce702)
Start importing Assets/Palmov Island/Low Poly Environment Park/Models/Environment using Guid(427c1aa4b7a05854f88379b935c319c4) Importer(2089858483,192608db42251d675da83286b1cce702) (ScriptedImporter) -> (artifact id: '7592bb619b2fd8834867c64b147a76c7') in 0.014857 seconds
Number of updated asset objects reloaded before import = 0Number of asset objects unloaded after import = 1

========================================================================
Received Import Request.
  Time since last request: 0.000029 seconds.
  path: Assets/Palmov Island/Low Poly Environment Park/Prefabs/Park grounds/ground park 5.prefab
  artifactKey: Guid(95bfbd01be0392b4580b851a244b9a8d) Importer(2089858483,192608db42251d675da83286b1cce702)
Start importing Assets/Palmov Island/Low Poly Environment Park/Prefabs/Park grounds/ground park 5.prefab using Guid(95bfbd01be0392b4580b851a244b9a8d) Importer(2089858483,192608db42251d675da83286b1cce702) (ScriptedImporter) -> (artifact id: 'fb23aba69c92ce562a7a684b1a2ea06b') in 0.0204005 seconds
Number of updated asset objects reloaded before import = 0Number of asset objects unloaded after import = 9

========================================================================
Received Import Request.
  Time since last request: 0.000023 seconds.
  path: Assets/Palmov Island/Low Poly Environment Park/Models/Park grounds/ground park 3.fbx
  artifactKey: Guid(d2a60a76befad44449f29737a21acbe0) Importer(2089858483,192608db42251d675da83286b1cce702)
Start importing Assets/Palmov Island/Low Poly Environment Park/Models/Park grounds/ground park 3.fbx using Guid(d2a60a76befad44449f29737a21acbe0) Importer(2089858483,192608db42251d675da83286b1cce702) (ScriptedImporter) -> (artifact id: 'e06863229a7a73f47c68a59d96d5e5fb') in 0.025617 seconds
Number of updated asset objects reloaded before import = 0Number of asset objects unloaded after import = 8

========================================================================
Received Import Request.
  Time since last request: 0.000019 seconds.
  path: Assets/Palmov Island/Low Poly Environment Park/Prefabs/Park grounds/ground park 2.prefab
  artifactKey: Guid(dea815d68b0338348b3a11ab1a3a4372) Importer(2089858483,192608db42251d675da83286b1cce702)
Start importing Assets/Palmov Island/Low Poly Environment Park/Prefabs/Park grounds/ground park 2.prefab using Guid(dea815d68b0338348b3a11ab1a3a4372) Importer(2089858483,192608db42251d675da83286b1cce702) (ScriptedImporter) -> (artifact id: 'e8ae298535f88f07f9791fac5928503f') in 0.0186779 seconds
Number of updated asset objects reloaded before import = 0Number of asset objects unloaded after import = 9

========================================================================
Received Import Request.
  Time since last request: 0.000019 seconds.
  path: Assets/LowpolyNatureBundle/Prefab/Rock_05.prefab
  artifactKey: Guid(705ea568440259c4c8f0e26ac261c69b) Importer(2089858483,192608db42251d675da83286b1cce702)
Start importing Assets/LowpolyNatureBundle/Prefab/Rock_05.prefab using Guid(705ea568440259c4c8f0e26ac261c69b) Importer(2089858483,192608db42251d675da83286b1cce702) (ScriptedImporter) -> (artifact id: 'ba93bf6f42a15f088fa681094f8f5cdf') in 0.019037 seconds
Number of updated asset objects reloaded before import = 0Number of asset objects unloaded after import = 8

========================================================================
Received Import Request.
  Time since last request: 0.000030 seconds.
  path: Assets/LowpolyNatureBundle/Prefab/AutumnTree_02.prefab
  artifactKey: Guid(150882436c9041546938c2d44ac9acd3) Importer(2089858483,192608db42251d675da83286b1cce702)
Start importing Assets/LowpolyNatureBundle/Prefab/AutumnTree_02.prefab using Guid(150882436c9041546938c2d44ac9acd3) Importer(2089858483,192608db42251d675da83286b1cce702) (ScriptedImporter) -> (artifact id: '35b02b1609428120691748337037af7b') in 0.0201642 seconds
Number of updated asset objects reloaded before import = 0Number of asset objects unloaded after import = 8

========================================================================
Received Import Request.
  Time since last request: 1.000823 seconds.
  path: Assets/Lowpoly_Holiday_House/Materials/Shutters.mat
  artifactKey: Guid(f2bc0ca930bdced4083ec2fc1cebb500) Importer(2089858483,192608db42251d675da83286b1cce702)
Start importing Assets/Lowpoly_Holiday_House/Materials/Shutters.mat using Guid(f2bc0ca930bdced4083ec2fc1cebb500) Importer(2089858483,192608db42251d675da83286b1cce702) (ScriptedImporter) -> (artifact id: '4a88ed584aeca4488bb08bfca9a3d0bd') in 0.0214322 seconds
Number of updated asset objects reloaded before import = 0Number of asset objects unloaded after import = 3

========================================================================
Received Import Request.
  Time since last request: 0.000026 seconds.
  path: Assets/Lowpoly_Holiday_House/Materials/Palms.mat
  artifactKey: Guid(de8c0b5f273573742a200b387e77ddf4) Importer(2089858483,192608db42251d675da83286b1cce702)
Start importing Assets/Lowpoly_Holiday_House/Materials/Palms.mat using Guid(de8c0b5f273573742a200b387e77ddf4) Importer(2089858483,192608db42251d675da83286b1cce702) (ScriptedImporter) -> (artifact id: 'e15c19145271d5d5f6293aea63fcbb23') in 0.0156167 seconds
Number of updated asset objects reloaded before import = 0Number of asset objects unloaded after import = 3

========================================================================
Received Import Request.
  Time since last request: 0.000038 seconds.
  path: Assets/Lowpoly_Holiday_House/Materials/Roof.mat
  artifactKey: Guid(ab62c78bc6a536d4999b20c2461d6b9e) Importer(2089858483,192608db42251d675da83286b1cce702)
Start importing Assets/Lowpoly_Holiday_House/Materials/Roof.mat using Guid(ab62c78bc6a536d4999b20c2461d6b9e) Importer(2089858483,192608db42251d675da83286b1cce702) (ScriptedImporter) -> (artifact id: '402c57b092152cdeed196932b54fdd80') in 0.0168262 seconds
Number of updated asset objects reloaded before import = 0Number of asset objects unloaded after import = 3

Editor requested this worker to shutdown with reason: Scaling down because of idle timeout
AssetImportWorker is now disconnected from the server
Process exiting
Exiting without the bug reporter. Application will terminate with return code 0