Using pre-set license
Built from '6000.0/release' branch; Version is '6000.0.35f1 (9a3bc604008a) revision 10107846'; Using compiler version '193933523'; Build Type 'Release'
OS: 'Windows 11  (10.0.26100) 64bit Core' Language: 'da' Physical Memory: 31864 MB
BatchMode: 1, IsHumanControllingUs: 0, StartBugReporterOnCrash: 0, Is64bit: 1, IsPro: 1

COMMAND LINE ARGUMENTS:
C:\Program Files\Unity\Hub\Editor\6000.0.35f1\Editor\Unity.exe
-adb2
-batchMode
-noUpm
-name
AssetImportWorker23
-projectPath
C:/Users/jejol/first project
-logFile
Logs/AssetImportWorker23.log
-srvPort
51789
-job-worker-count
11
-background-job-worker-count
8
-gc-helper-count
1
Successfully changed project path to: C:/Users/jejol/first project
C:/Users/jejol/first project
[UnityMemory] Configuration Parameters - Can be set up in boot.config
    "memorysetup-bucket-allocator-granularity=16"
    "memorysetup-bucket-allocator-bucket-count=8"
    "memorysetup-bucket-allocator-block-size=33554432"
    "memorysetup-bucket-allocator-block-count=8"
    "memorysetup-main-allocator-block-size=16777216"
    "memorysetup-thread-allocator-block-size=16777216"
    "memorysetup-gfx-main-allocator-block-size=16777216"
    "memorysetup-gfx-thread-allocator-block-size=16777216"
    "memorysetup-cache-allocator-block-size=4194304"
    "memorysetup-typetree-allocator-block-size=2097152"
    "memorysetup-profiler-bucket-allocator-granularity=16"
    "memorysetup-profiler-bucket-allocator-bucket-count=8"
    "memorysetup-profiler-bucket-allocator-block-size=33554432"
    "memorysetup-profiler-bucket-allocator-block-count=8"
    "memorysetup-profiler-allocator-block-size=16777216"
    "memorysetup-profiler-editor-allocator-block-size=1048576"
    "memorysetup-temp-allocator-size-main=16777216"
    "memorysetup-job-temp-allocator-block-size=2097152"
    "memorysetup-job-temp-allocator-block-size-background=1048576"
    "memorysetup-job-temp-allocator-reduction-small-platforms=262144"
    "memorysetup-allocator-temp-initial-block-size-main=262144"
    "memorysetup-allocator-temp-initial-block-size-worker=262144"
    "memorysetup-temp-allocator-size-background-worker=32768"
    "memorysetup-temp-allocator-size-job-worker=262144"
    "memorysetup-temp-allocator-size-preload-manager=33554432"
    "memorysetup-temp-allocator-size-nav-mesh-worker=65536"
    "memorysetup-temp-allocator-size-audio-worker=65536"
    "memorysetup-temp-allocator-size-cloud-worker=32768"
    "memorysetup-temp-allocator-size-gi-baking-worker=262144"
    "memorysetup-temp-allocator-size-gi-baking-worker=262144"
    "memorysetup-temp-allocator-size-gi-baking-worker=262144"
    "memorysetup-temp-allocator-size-gi-baking-worker=262144"
    "memorysetup-temp-allocator-size-gi-baking-worker=262144"
    "memorysetup-temp-allocator-size-gfx=262144"
Player connection [18548]  Target information:

Player connection [18548]  * "[IP] 172.28.112.1 [Port] 0 [Flags] 2 [Guid] 3886916582 [EditorId] 3886916582 [Version] 1048832 [Id] WindowsEditor(7,Jenjos_Laptop) [Debug] 1 [PackageName] WindowsEditor [ProjectName] Editor" 

Player connection [18548]  * "[IP] 192.168.18.13 [Port] 0 [Flags] 2 [Guid] 3886916582 [EditorId] 3886916582 [Version] 1048832 [Id] WindowsEditor(7,Jenjos_Laptop) [Debug] 1 [PackageName] WindowsEditor [ProjectName] Editor" 

Player connection [18548] Host joined multi-casting on [225.0.0.222:54997]...
Player connection [18548] Host joined alternative multi-casting on [225.0.0.222:34997]...
JobSystem: Creating JobQueue using job-worker-count value 11
Input System module state changed to: Initialized.
[Physics::Module] Initialized fallback backend.
[Physics::Module] Id: 0xdecafbad
Library Redirect Path: Library/
[Physics::Module] Selected backend.
[Physics::Module] Name: PhysX
[Physics::Module] Id: 0xf2b8ea05
[Physics::Module] SDK Version: 4.1.2
[Physics::Module] Integration Version: 1.0.0
[Physics::Module] Threading Mode: Multi-Threaded
Refreshing native plugins compatible for Editor in 1.91 ms, found 3 plugins.
Preloading 0 native plugins for Editor in 0.00 ms.
Initialize engine version: 6000.0.35f1 (9a3bc604008a)
[Subsystems] Discovering subsystems at path C:/Program Files/Unity/Hub/Editor/6000.0.35f1/Editor/Data/Resources/UnitySubsystems
[Subsystems] Discovering subsystems at path C:/Users/jejol/first project/Assets
GfxDevice: creating device client; kGfxThreadingModeNonThreaded
Direct3D:
    Version:  Direct3D 11.0 [level 11.1]
    Renderer: NVIDIA GeForce RTX 4070 Laptop GPU (ID=0x2860)
    Vendor:   NVIDIA
    VRAM:     7948 MB
    Driver:   32.0.15.6100
Initialize mono
Mono path[0] = 'C:/Program Files/Unity/Hub/Editor/6000.0.35f1/Editor/Data/Managed'
Mono path[1] = 'C:/Program Files/Unity/Hub/Editor/6000.0.35f1/Editor/Data/MonoBleedingEdge/lib/mono/unityjit-win32'
Mono config path = 'C:/Program Files/Unity/Hub/Editor/6000.0.35f1/Editor/Data/MonoBleedingEdge/etc'
Using monoOptions --debugger-agent=transport=dt_socket,embedding=1,server=y,suspend=n,address=127.0.0.1:56652
Begin MonoManager ReloadAssembly
Registering precompiled unity dll's ...
Register platform support module: C:/Program Files/Unity/Hub/Editor/6000.0.35f1/Editor/Data/PlaybackEngines/WebGLSupport/UnityEditor.WebGL.Extensions.dll
Register platform support module: C:/Program Files/Unity/Hub/Editor/6000.0.35f1/Editor/Data/PlaybackEngines/WindowsStandaloneSupport/UnityEditor.WindowsStandalone.Extensions.dll
Registered in 0.003863 seconds.
- Loaded All Assemblies, in  0.265 seconds
Native extension for WindowsStandalone target not found
Native extension for WebGL target not found
Mono: successfully reloaded assembly
- Finished resetting the current domain, in  0.241 seconds
Domain Reload Profiling: 504ms
	BeginReloadAssembly (90ms)
		ExecutionOrderSort (0ms)
		DisableScriptedObjects (0ms)
		BackupInstance (0ms)
		ReleaseScriptingObjects (0ms)
		CreateAndSetChildDomain (1ms)
	RebuildCommonClasses (23ms)
	RebuildNativeTypeToScriptingClass (7ms)
	initialDomainReloadingComplete (38ms)
	LoadAllAssembliesAndSetupDomain (104ms)
		LoadAssemblies (86ms)
		RebuildTransferFunctionScriptingTraits (0ms)
		AnalyzeDomain (101ms)
			TypeCache.Refresh (100ms)
				TypeCache.ScanAssembly (91ms)
			BuildScriptInfoCaches (0ms)
			ResolveRequiredComponents (0ms)
	FinalizeReload (241ms)
		ReleaseScriptCaches (0ms)
		RebuildScriptCaches (0ms)
		SetupLoadedEditorAssemblies (209ms)
			LogAssemblyErrors (0ms)
			InitializePlatformSupportModulesInManaged (17ms)
			SetLoadedEditorAssemblies (3ms)
			BeforeProcessingInitializeOnLoad (40ms)
			ProcessInitializeOnLoadAttributes (118ms)
			ProcessInitializeOnLoadMethodAttributes (31ms)
			AfterProcessingInitializeOnLoad (0ms)
			EditorAssembliesLoaded (0ms)
		ExecutionOrderSort2 (0ms)
		AwakeInstancesAfterBackupRestoration (0ms)
========================================================================
Worker process is ready to serve import requests
Import Worker Mode flag is 0x00
Begin MonoManager ReloadAssembly
- Loaded All Assemblies, in  0.550 seconds
Refreshing native plugins compatible for Editor in 0.74 ms, found 3 plugins.
Native extension for WindowsStandalone target not found
Native extension for WebGL target not found
[MODES] ModeService[none].Initialize
[MODES] ModeService[none].LoadModes
[MODES] Loading mode Default (0) for mode-current-id-first project
Mono: successfully reloaded assembly
- Finished resetting the current domain, in  0.578 seconds
Domain Reload Profiling: 1125ms
	BeginReloadAssembly (120ms)
		ExecutionOrderSort (0ms)
		DisableScriptedObjects (4ms)
		BackupInstance (0ms)
		ReleaseScriptingObjects (0ms)
		CreateAndSetChildDomain (33ms)
	RebuildCommonClasses (23ms)
	RebuildNativeTypeToScriptingClass (8ms)
	initialDomainReloadingComplete (25ms)
	LoadAllAssembliesAndSetupDomain (371ms)
		LoadAssemblies (268ms)
		RebuildTransferFunctionScriptingTraits (0ms)
		AnalyzeDomain (165ms)
			TypeCache.Refresh (125ms)
				TypeCache.ScanAssembly (115ms)
			BuildScriptInfoCaches (30ms)
			ResolveRequiredComponents (6ms)
	FinalizeReload (579ms)
		ReleaseScriptCaches (0ms)
		RebuildScriptCaches (0ms)
		SetupLoadedEditorAssemblies (465ms)
			LogAssemblyErrors (0ms)
			InitializePlatformSupportModulesInManaged (2ms)
			SetLoadedEditorAssemblies (4ms)
			BeforeProcessingInitializeOnLoad (81ms)
			ProcessInitializeOnLoadAttributes (287ms)
			ProcessInitializeOnLoadMethodAttributes (86ms)
			AfterProcessingInitializeOnLoad (4ms)
			EditorAssembliesLoaded (0ms)
		ExecutionOrderSort2 (0ms)
		AwakeInstancesAfterBackupRestoration (4ms)
Launched and connected shader compiler UnityShaderCompiler.exe after 0.01 seconds
Refreshing native plugins compatible for Editor in 1.18 ms, found 3 plugins.
Preloading 0 native plugins for Editor in 0.00 ms.
Unloading 219 Unused Serialized files (Serialized files now loaded: 0)
Unloading 6317 unused Assets / (7.5 MB). Loaded Objects now: 6989.
Memory consumption went from 179.0 MB to 171.5 MB.
Total: 14.139300 ms (FindLiveObjects: 1.042100 ms CreateObjectMapping: 0.750000 ms MarkObjects: 6.626500 ms  DeleteObjects: 5.718000 ms)

========================================================================
Received Import Request.
  Time since last request: 331457.260203 seconds.
  path: Assets/LowpolyNatureBundle/Prefab/Bamboo_02.prefab
  artifactKey: Guid(75e7e3b593d74ca428f2aa331302da72) Importer(815301076,1909f56bfc062723c751e8b465ee728b)
Start importing Assets/LowpolyNatureBundle/Prefab/Bamboo_02.prefab using Guid(75e7e3b593d74ca428f2aa331302da72) Importer(815301076,1909f56bfc062723c751e8b465ee728b) (PreviewImporter) -> (artifact id: '5aabbf3e083b1f51a546658651afd980') in 0.3822201 seconds
Number of updated asset objects reloaded before import = 0Number of asset objects unloaded after import = 11

========================================================================
Received Import Request.
  Time since last request: 0.347802 seconds.
  path: Assets/LowpolyNatureBundle/Prefab/Bamboos_01.prefab
  artifactKey: Guid(6b8d6d85ed2967b41b7c103559f1d1fa) Importer(815301076,1909f56bfc062723c751e8b465ee728b)
Start importing Assets/LowpolyNatureBundle/Prefab/Bamboos_01.prefab using Guid(6b8d6d85ed2967b41b7c103559f1d1fa) Importer(815301076,1909f56bfc062723c751e8b465ee728b) (PreviewImporter) -> (artifact id: '807c1ecd5ae8c6d2795893daca629114') in 0.0220095 seconds
Number of updated asset objects reloaded before import = 0Number of asset objects unloaded after import = 9

========================================================================
Received Import Request.
  Time since last request: 39.082496 seconds.
  path: Assets/LowpolyNatureBundle/Prefab/BonFire_01.prefab
  artifactKey: Guid(2df30fc5b60f17646bce1554e46da0c0) Importer(815301076,1909f56bfc062723c751e8b465ee728b)
Start importing Assets/LowpolyNatureBundle/Prefab/BonFire_01.prefab using Guid(2df30fc5b60f17646bce1554e46da0c0) Importer(815301076,1909f56bfc062723c751e8b465ee728b) (PreviewImporter) -> (artifact id: '88c909c76f0314d7b96eef674ba5a436') in 0.0326964 seconds
Number of updated asset objects reloaded before import = 0Number of asset objects unloaded after import = 9

========================================================================
Received Import Request.
  Time since last request: 0.000030 seconds.
  path: Assets/Lowpoly_Holiday_House/Prefabs/Border.prefab
  artifactKey: Guid(66b0275cee2373c448373f0fdbbce7c5) Importer(815301076,1909f56bfc062723c751e8b465ee728b)
Start importing Assets/Lowpoly_Holiday_House/Prefabs/Border.prefab using Guid(66b0275cee2373c448373f0fdbbce7c5) Importer(815301076,1909f56bfc062723c751e8b465ee728b) (PreviewImporter) -> (artifact id: 'f3031ec4cde538a109ae8e0ef301ea53') in 0.022173 seconds
Number of updated asset objects reloaded before import = 0Number of asset objects unloaded after import = 9

========================================================================
Received Import Request.
  Time since last request: 0.177019 seconds.
  path: Assets/LowpolyNatureBundle/Mesh/Branch_02.fbx
  artifactKey: Guid(71ed0fd8dad15c24395fad925e6641d2) Importer(815301076,1909f56bfc062723c751e8b465ee728b)
Start importing Assets/LowpolyNatureBundle/Mesh/Branch_02.fbx using Guid(71ed0fd8dad15c24395fad925e6641d2) Importer(815301076,1909f56bfc062723c751e8b465ee728b) (PreviewImporter) -> (artifact id: 'c69e9dfb98e5081c0f9b4571b7175c10') in 0.0428277 seconds
Number of updated asset objects reloaded before import = 0Number of asset objects unloaded after import = 9

========================================================================
Received Import Request.
  Time since last request: 2.160018 seconds.
  path: Assets/LowpolyNatureBundle/Prefab/Brick_04.prefab
  artifactKey: Guid(cf33a74c809d883448531cd55144d380) Importer(815301076,1909f56bfc062723c751e8b465ee728b)
Start importing Assets/LowpolyNatureBundle/Prefab/Brick_04.prefab using Guid(cf33a74c809d883448531cd55144d380) Importer(815301076,1909f56bfc062723c751e8b465ee728b) (PreviewImporter) -> (artifact id: '7aaca745002e62a9bfc2b723ad9282c1') in 0.0166882 seconds
Number of updated asset objects reloaded before import = 0Number of asset objects unloaded after import = 9

========================================================================
Received Import Request.
  Time since last request: 0.221932 seconds.
  path: Assets/LowpolyNatureBundle/Mesh/BrickWall_02.fbx
  artifactKey: Guid(3984685e75edb4b48ad6e1c24d3e8254) Importer(815301076,1909f56bfc062723c751e8b465ee728b)
Start importing Assets/LowpolyNatureBundle/Mesh/BrickWall_02.fbx using Guid(3984685e75edb4b48ad6e1c24d3e8254) Importer(815301076,1909f56bfc062723c751e8b465ee728b) (PreviewImporter) -> (artifact id: '441b501c187b3350b0c745af248cf7ce') in 0.0280153 seconds
Number of updated asset objects reloaded before import = 0Number of asset objects unloaded after import = 9

========================================================================
Received Import Request.
  Time since last request: 0.013678 seconds.
  path: Assets/Lowpoly_Holiday_House/Models/Building_10.FBX
  artifactKey: Guid(ed390f24d24647f48aad4660a412247b) Importer(815301076,1909f56bfc062723c751e8b465ee728b)
Start importing Assets/Lowpoly_Holiday_House/Models/Building_10.FBX using Guid(ed390f24d24647f48aad4660a412247b) Importer(815301076,1909f56bfc062723c751e8b465ee728b) (PreviewImporter) -> (artifact id: '726c9b72632b021ed50444b627ad2132') in 0.1211824 seconds
Number of updated asset objects reloaded before import = 0Number of asset objects unloaded after import = 54

========================================================================
Received Import Request.
  Time since last request: 0.459706 seconds.
  path: Assets/LowpolyNatureBundle/Mesh/Bush_03.fbx
  artifactKey: Guid(8d4891f9c0cf86b4db854c4cd69e0006) Importer(815301076,1909f56bfc062723c751e8b465ee728b)
Start importing Assets/LowpolyNatureBundle/Mesh/Bush_03.fbx using Guid(8d4891f9c0cf86b4db854c4cd69e0006) Importer(815301076,1909f56bfc062723c751e8b465ee728b) (PreviewImporter) -> (artifact id: '726781700e7bd6f1976abf94e290ab1b') in 0.0252868 seconds
Number of updated asset objects reloaded before import = 0Number of asset objects unloaded after import = 9

========================================================================
Received Import Request.
  Time since last request: 0.909941 seconds.
  path: Assets/Lowpoly_Holiday_House/Prefabs/Clumb.prefab
  artifactKey: Guid(1f0e3563c5d63ae488c8f85514a5a61d) Importer(815301076,1909f56bfc062723c751e8b465ee728b)
Start importing Assets/Lowpoly_Holiday_House/Prefabs/Clumb.prefab using Guid(1f0e3563c5d63ae488c8f85514a5a61d) Importer(815301076,1909f56bfc062723c751e8b465ee728b) (PreviewImporter) -> (artifact id: '64b733c46b830118fcd7c478716e9386') in 0.0197509 seconds
Number of updated asset objects reloaded before import = 0Number of asset objects unloaded after import = 9

========================================================================
Received Import Request.
  Time since last request: 0.895800 seconds.
  path: Assets/LowpolyNatureBundle/Prefab/FallenTree_03.prefab
  artifactKey: Guid(46bbc7e226c2baf40b24a18f3946961a) Importer(815301076,1909f56bfc062723c751e8b465ee728b)
Start importing Assets/LowpolyNatureBundle/Prefab/FallenTree_03.prefab using Guid(46bbc7e226c2baf40b24a18f3946961a) Importer(815301076,1909f56bfc062723c751e8b465ee728b) (PreviewImporter) -> (artifact id: '976963621816cc30ff893ce9046949e9') in 0.0178817 seconds
Number of updated asset objects reloaded before import = 0Number of asset objects unloaded after import = 9

========================================================================
Received Import Request.
  Time since last request: 0.290289 seconds.
  path: Assets/Palmov Island/Low Poly Environment Park/Prefabs/Trees/fir tree 1.prefab
  artifactKey: Guid(a34c4b4b4b0e65342a85b342679c459b) Importer(815301076,1909f56bfc062723c751e8b465ee728b)
Start importing Assets/Palmov Island/Low Poly Environment Park/Prefabs/Trees/fir tree 1.prefab using Guid(a34c4b4b4b0e65342a85b342679c459b) Importer(815301076,1909f56bfc062723c751e8b465ee728b) (PreviewImporter) -> (artifact id: '2edb53cce8df442f022c512f65d213df') in 0.0193602 seconds
Number of updated asset objects reloaded before import = 0Number of asset objects unloaded after import = 10

========================================================================
Received Import Request.
  Time since last request: 1.318308 seconds.
  path: Assets/LowpolyNatureBundle/Mesh/FoodTrough_Full.fbx
  artifactKey: Guid(02954ed9bed83bb46872110a3e9b9059) Importer(815301076,1909f56bfc062723c751e8b465ee728b)
Start importing Assets/LowpolyNatureBundle/Mesh/FoodTrough_Full.fbx using Guid(02954ed9bed83bb46872110a3e9b9059) Importer(815301076,1909f56bfc062723c751e8b465ee728b) (PreviewImporter) -> (artifact id: 'ce3ca38558ccae42396089dc758adab5') in 0.0259809 seconds
Number of updated asset objects reloaded before import = 0Number of asset objects unloaded after import = 9

========================================================================
Received Import Request.
  Time since last request: 0.280034 seconds.
  path: Assets/Palmov Island/Low Poly Environment Park/Prefabs/Environment/fountain 3.prefab
  artifactKey: Guid(173b1027a6d1ed544a1379cedb067a9c) Importer(815301076,1909f56bfc062723c751e8b465ee728b)
Start importing Assets/Palmov Island/Low Poly Environment Park/Prefabs/Environment/fountain 3.prefab using Guid(173b1027a6d1ed544a1379cedb067a9c) Importer(815301076,1909f56bfc062723c751e8b465ee728b) (PreviewImporter) -> (artifact id: '0a4f645a198c0c174d19b378e22f7416') in 0.0166921 seconds
Number of updated asset objects reloaded before import = 0Number of asset objects unloaded after import = 10

========================================================================
Received Import Request.
  Time since last request: 0.459964 seconds.
  path: Assets/Palmov Island/Low Poly Environment Park/Prefabs/Grass/grass 2.prefab
  artifactKey: Guid(d08851aeacbadfa42a2b661f2170de25) Importer(815301076,1909f56bfc062723c751e8b465ee728b)
Start importing Assets/Palmov Island/Low Poly Environment Park/Prefabs/Grass/grass 2.prefab using Guid(d08851aeacbadfa42a2b661f2170de25) Importer(815301076,1909f56bfc062723c751e8b465ee728b) (PreviewImporter) -> (artifact id: '8c68d5ffd5e487fac2a3f2a4deca7d78') in 0.0188088 seconds
Number of updated asset objects reloaded before import = 0Number of asset objects unloaded after import = 10

========================================================================
Received Import Request.
  Time since last request: 1.521413 seconds.
  path: Assets/Fantasy Forest Environment Free Sample/Meshes/Source/grass01.FBX
  artifactKey: Guid(4de33cfabd2a0a64caa7f20596f00adf) Importer(815301076,1909f56bfc062723c751e8b465ee728b)
Start importing Assets/Fantasy Forest Environment Free Sample/Meshes/Source/grass01.FBX using Guid(4de33cfabd2a0a64caa7f20596f00adf) Importer(815301076,1909f56bfc062723c751e8b465ee728b) (PreviewImporter) -> (artifact id: '9cd41b9a8f6ac3c37c7b069794256499') in 0.0284613 seconds
Number of updated asset objects reloaded before import = 0Number of asset objects unloaded after import = 9

========================================================================
Received Import Request.
  Time since last request: 0.000054 seconds.
  path: Assets/Palmov Island/Low Poly Environment Park/Models/Park grounds/ground park 4.fbx
  artifactKey: Guid(62105d1c79ca0454fbcca43596faf444) Importer(815301076,1909f56bfc062723c751e8b465ee728b)
Start importing Assets/Palmov Island/Low Poly Environment Park/Models/Park grounds/ground park 4.fbx using Guid(62105d1c79ca0454fbcca43596faf444) Importer(815301076,1909f56bfc062723c751e8b465ee728b) (PreviewImporter) -> (artifact id: '7710628a2ef87ea862affb0d39b097a2') in 0.0313141 seconds
Number of updated asset objects reloaded before import = 0Number of asset objects unloaded after import = 9

========================================================================
Received Import Request.
  Time since last request: 0.000026 seconds.
  path: Assets/Palmov Island/Low Poly Environment Park/Models/Park grounds/ground park 6.fbx
  artifactKey: Guid(cbd39632b02e87e428c2cff4857291de) Importer(815301076,1909f56bfc062723c751e8b465ee728b)
Start importing Assets/Palmov Island/Low Poly Environment Park/Models/Park grounds/ground park 6.fbx using Guid(cbd39632b02e87e428c2cff4857291de) Importer(815301076,1909f56bfc062723c751e8b465ee728b) (PreviewImporter) -> (artifact id: 'e641dce38b35b1da0c3014625dc60226') in 0.0247279 seconds
Number of updated asset objects reloaded before import = 0Number of asset objects unloaded after import = 9

========================================================================
Received Import Request.
  Time since last request: 0.000037 seconds.
  path: Assets/LowpolyNatureBundle/Prefab/GuideSigns_02.prefab
  artifactKey: Guid(dea54ee0d33bdec41aaa1082bbfda4c3) Importer(815301076,1909f56bfc062723c751e8b465ee728b)
Start importing Assets/LowpolyNatureBundle/Prefab/GuideSigns_02.prefab using Guid(dea54ee0d33bdec41aaa1082bbfda4c3) Importer(815301076,1909f56bfc062723c751e8b465ee728b) (PreviewImporter) -> (artifact id: '6cbcbfc1b8188263bf8844fa90e64aca') in 0.022168 seconds
Number of updated asset objects reloaded before import = 0Number of asset objects unloaded after import = 9

========================================================================
Received Import Request.
  Time since last request: 0.000043 seconds.
  path: Assets/Palmov Island/Low Poly Environment Park/Models/Park grounds/ground park 5.fbx
  artifactKey: Guid(6e537d94e608ecc46ab41e300d07df53) Importer(815301076,1909f56bfc062723c751e8b465ee728b)
Start importing Assets/Palmov Island/Low Poly Environment Park/Models/Park grounds/ground park 5.fbx using Guid(6e537d94e608ecc46ab41e300d07df53) Importer(815301076,1909f56bfc062723c751e8b465ee728b) (PreviewImporter) -> (artifact id: 'df8d2b5aa63aec23f926a85be32cd264') in 0.02354 seconds
Number of updated asset objects reloaded before import = 0Number of asset objects unloaded after import = 9

========================================================================
Received Import Request.
  Time since last request: 0.705018 seconds.
  path: Assets/Palmov Island/Low Poly Environment Park/Prefabs/Trees/japanese deciduous tree.prefab
  artifactKey: Guid(29d299ac32b5f83489084748c806a29b) Importer(815301076,1909f56bfc062723c751e8b465ee728b)
Start importing Assets/Palmov Island/Low Poly Environment Park/Prefabs/Trees/japanese deciduous tree.prefab using Guid(29d299ac32b5f83489084748c806a29b) Importer(815301076,1909f56bfc062723c751e8b465ee728b) (PreviewImporter) -> (artifact id: 'cfdbde8ea59afbcd50a4c410f11a4ac5') in 0.0253743 seconds
Number of updated asset objects reloaded before import = 0Number of asset objects unloaded after import = 10

========================================================================
Received Import Request.
  Time since last request: 0.000037 seconds.
  path: Assets/Resources/Animations/New/Jump/Jumping Up.fbx
  artifactKey: Guid(f557c84786f174a438e2f5b8edaac05d) Importer(815301076,1909f56bfc062723c751e8b465ee728b)
Start importing Assets/Resources/Animations/New/Jump/Jumping Up.fbx using Guid(f557c84786f174a438e2f5b8edaac05d) Importer(815301076,1909f56bfc062723c751e8b465ee728b) (PreviewImporter) -> (artifact id: '545d128e5117c77471853d8804ae8464') in 0.0061716 seconds
Number of updated asset objects reloaded before import = 0Number of asset objects unloaded after import = 139

========================================================================
Received Import Request.
  Time since last request: 0.000049 seconds.
  path: Assets/LowpolyNatureBundle/Prefab/LotusLeaf_01.prefab
  artifactKey: Guid(eb5e34adfe488ff4d9366d1d28cbe4eb) Importer(815301076,1909f56bfc062723c751e8b465ee728b)
Start importing Assets/LowpolyNatureBundle/Prefab/LotusLeaf_01.prefab using Guid(eb5e34adfe488ff4d9366d1d28cbe4eb) Importer(815301076,1909f56bfc062723c751e8b465ee728b) (PreviewImporter) -> (artifact id: '9985fe2367e650aa8ad92f25368d881c') in 0.0191163 seconds
Number of updated asset objects reloaded before import = 0Number of asset objects unloaded after import = 9

========================================================================
Received Import Request.
  Time since last request: 0.000027 seconds.
  path: Assets/LowpolyNatureBundle/Prefab/LotusLeaf_02.prefab
  artifactKey: Guid(645d683b72c8f9f4eb3dbb7c92e89a82) Importer(815301076,1909f56bfc062723c751e8b465ee728b)
Start importing Assets/LowpolyNatureBundle/Prefab/LotusLeaf_02.prefab using Guid(645d683b72c8f9f4eb3dbb7c92e89a82) Importer(815301076,1909f56bfc062723c751e8b465ee728b) (PreviewImporter) -> (artifact id: '6cca646084cb5244f008595b593d2632') in 0.0233673 seconds
Number of updated asset objects reloaded before import = 0Number of asset objects unloaded after import = 9

========================================================================
Received Import Request.
  Time since last request: 0.000026 seconds.
  path: Assets/LPHorse_Version_2_9/Version_2_9/Prefabs/Not Saddled/LP_Horse_Mesh_2_9_Chestnut_02 Variant.prefab
  artifactKey: Guid(d233989bde85dc14d844173f3dcd4c5f) Importer(815301076,1909f56bfc062723c751e8b465ee728b)
Start importing Assets/LPHorse_Version_2_9/Version_2_9/Prefabs/Not Saddled/LP_Horse_Mesh_2_9_Chestnut_02 Variant.prefab using Guid(d233989bde85dc14d844173f3dcd4c5f) Importer(815301076,1909f56bfc062723c751e8b465ee728b) (PreviewImporter) -> (artifact id: '03659c34b9aad91d5eac30392f394e93') in 0.0723343 seconds
Number of updated asset objects reloaded before import = 0Number of asset objects unloaded after import = 1043

========================================================================
Received Import Request.
  Time since last request: 0.000051 seconds.
  path: Assets/LPHorse_Version_2_9/Version_2_9/Prefabs/Not Saddled/LP_Horse_Mesh_2_9_Brown_01 Variant.prefab
  artifactKey: Guid(24a0fff7b6ace4643a22fe41f72cbc0f) Importer(815301076,1909f56bfc062723c751e8b465ee728b)
Start importing Assets/LPHorse_Version_2_9/Version_2_9/Prefabs/Not Saddled/LP_Horse_Mesh_2_9_Brown_01 Variant.prefab using Guid(24a0fff7b6ace4643a22fe41f72cbc0f) Importer(815301076,1909f56bfc062723c751e8b465ee728b) (PreviewImporter) -> (artifact id: 'c7301699094cc862b5b3f1af47fe6367') in 0.0377458 seconds
Number of updated asset objects reloaded before import = 0Number of asset objects unloaded after import = 1041

========================================================================
Received Import Request.
  Time since last request: 0.755041 seconds.
  path: Assets/LPHorse_Version_2_9/Version_2_9/Prefabs/Saddled With ReactiveRider/LPHorse_RR_Brown_02.prefab
  artifactKey: Guid(ab828dd4c92efb94db28bafd9c7495d9) Importer(815301076,1909f56bfc062723c751e8b465ee728b)
Start importing Assets/LPHorse_Version_2_9/Version_2_9/Prefabs/Saddled With ReactiveRider/LPHorse_RR_Brown_02.prefab using Guid(ab828dd4c92efb94db28bafd9c7495d9) Importer(815301076,1909f56bfc062723c751e8b465ee728b) (PreviewImporter) -> (artifact id: '1ab08629529591f7e7efce45bc3534ed') in 0.0359564 seconds
Number of updated asset objects reloaded before import = 0Number of asset objects unloaded after import = 572

========================================================================
Received Import Request.
  Time since last request: 0.022656 seconds.
  path: Assets/LPHorse_Version_2_9/Version_2_9/Prefabs/Saddled With ReactiveRider/LPHorse_RR_Tan_02.prefab
  artifactKey: Guid(c4d9eff4d1659254baac8d5491e707d3) Importer(815301076,1909f56bfc062723c751e8b465ee728b)
Start importing Assets/LPHorse_Version_2_9/Version_2_9/Prefabs/Saddled With ReactiveRider/LPHorse_RR_Tan_02.prefab using Guid(c4d9eff4d1659254baac8d5491e707d3) Importer(815301076,1909f56bfc062723c751e8b465ee728b) (PreviewImporter) -> (artifact id: '19a1ad409fca5b1fc7166cc9932f5ec3') in 0.0303501 seconds
Number of updated asset objects reloaded before import = 0Number of asset objects unloaded after import = 1097

========================================================================
Received Import Request.
  Time since last request: 0.475784 seconds.
  path: Assets/LPHorse_Version_2_9/Version_2_9/Prefabs/Saddled/LPHorse_Saddled_Brown_02.prefab
  artifactKey: Guid(25fb8eab05388d248bc5c7fe6baa272f) Importer(815301076,1909f56bfc062723c751e8b465ee728b)
Start importing Assets/LPHorse_Version_2_9/Version_2_9/Prefabs/Saddled/LPHorse_Saddled_Brown_02.prefab using Guid(25fb8eab05388d248bc5c7fe6baa272f) Importer(815301076,1909f56bfc062723c751e8b465ee728b) (PreviewImporter) -> (artifact id: '90ea8f2a650c8249d58446031e1a9ea3') in 0.0393744 seconds
Number of updated asset objects reloaded before import = 0Number of asset objects unloaded after import = 1579

========================================================================
Received Import Request.
  Time since last request: 0.012657 seconds.
  path: Assets/LPHorse_Version_2_9/Version_2_9/Prefabs/Saddled/LPHorse_Saddled_Tan_02.prefab
  artifactKey: Guid(77b1077cd5fd4ce4b98e5fa3d68b553a) Importer(815301076,1909f56bfc062723c751e8b465ee728b)
Start importing Assets/LPHorse_Version_2_9/Version_2_9/Prefabs/Saddled/LPHorse_Saddled_Tan_02.prefab using Guid(77b1077cd5fd4ce4b98e5fa3d68b553a) Importer(815301076,1909f56bfc062723c751e8b465ee728b) (PreviewImporter) -> (artifact id: '21bd9b276d759af3031b64a1a247ebee') in 0.0360598 seconds
Number of updated asset objects reloaded before import = 0Number of asset objects unloaded after import = 1579

========================================================================
Received Import Request.
  Time since last request: 0.000039 seconds.
  path: Assets/Ventuar/RPGWeaponsPack - DEMO/FileAssets/Models/MetalSword.fbx
  artifactKey: Guid(0f88d9f6b3ab59549b9ca29527095481) Importer(815301076,1909f56bfc062723c751e8b465ee728b)
Start importing Assets/Ventuar/RPGWeaponsPack - DEMO/FileAssets/Models/MetalSword.fbx using Guid(0f88d9f6b3ab59549b9ca29527095481) Importer(815301076,1909f56bfc062723c751e8b465ee728b) (PreviewImporter) -> (artifact id: 'e32cea14669185e2ca8edbda1ce76cf6') in 0.0261407 seconds
Number of updated asset objects reloaded before import = 0Number of asset objects unloaded after import = 7

========================================================================
Received Import Request.
  Time since last request: 0.000032 seconds.
  path: Assets/Ventuar/RPGWeaponsPack - DEMO/Prefabs/Metal Sword.prefab
  artifactKey: Guid(944fc80616e7ee844bc7a8f312cd5b6a) Importer(815301076,1909f56bfc062723c751e8b465ee728b)
Start importing Assets/Ventuar/RPGWeaponsPack - DEMO/Prefabs/Metal Sword.prefab using Guid(944fc80616e7ee844bc7a8f312cd5b6a) Importer(815301076,1909f56bfc062723c751e8b465ee728b) (PreviewImporter) -> (artifact id: '35d6a434dcd75d2ba47182295264791a') in 0.0243693 seconds
Number of updated asset objects reloaded before import = 0Number of asset objects unloaded after import = 10

========================================================================
Received Import Request.
  Time since last request: 0.712654 seconds.
  path: Assets/LowpolyNatureBundle/Mesh/Mushroom_08.fbx
  artifactKey: Guid(db63211f9d87ad14ca182fd98958271d) Importer(815301076,1909f56bfc062723c751e8b465ee728b)
Start importing Assets/LowpolyNatureBundle/Mesh/Mushroom_08.fbx using Guid(db63211f9d87ad14ca182fd98958271d) Importer(815301076,1909f56bfc062723c751e8b465ee728b) (PreviewImporter) -> (artifact id: '6a9433a9e66c7dc24d9df4d0074048f5') in 0.0232424 seconds
Number of updated asset objects reloaded before import = 0Number of asset objects unloaded after import = 9

========================================================================
Received Import Request.
  Time since last request: 0.000033 seconds.
  path: Assets/LowpolyNatureBundle/Prefab/Mushroom_10.prefab
  artifactKey: Guid(5df161c1b781928458974204b2f20f34) Importer(815301076,1909f56bfc062723c751e8b465ee728b)
Start importing Assets/LowpolyNatureBundle/Prefab/Mushroom_10.prefab using Guid(5df161c1b781928458974204b2f20f34) Importer(815301076,1909f56bfc062723c751e8b465ee728b) (PreviewImporter) -> (artifact id: '83ced1473484d4999d0d362c1702efaa') in 0.0216893 seconds
Number of updated asset objects reloaded before import = 0Number of asset objects unloaded after import = 9

========================================================================
Received Import Request.
  Time since last request: 0.000036 seconds.
  path: Assets/LowpolyNatureBundle/Prefab/Mushroom_15.prefab
  artifactKey: Guid(de29f1c6dc82be8439be3f6cc82fd588) Importer(815301076,1909f56bfc062723c751e8b465ee728b)
Start importing Assets/LowpolyNatureBundle/Prefab/Mushroom_15.prefab using Guid(de29f1c6dc82be8439be3f6cc82fd588) Importer(815301076,1909f56bfc062723c751e8b465ee728b) (PreviewImporter) -> (artifact id: '28ae1a8a13904fc2ec7fdcce2b5f321b') in 0.02217 seconds
Number of updated asset objects reloaded before import = 0Number of asset objects unloaded after import = 9

========================================================================
Received Import Request.
  Time since last request: 0.000055 seconds.
  path: Assets/LowpolyNatureBundle/Mesh/Mushroom_14.fbx
  artifactKey: Guid(643e20810797dc241b124c7c047dc1e7) Importer(815301076,1909f56bfc062723c751e8b465ee728b)
Start importing Assets/LowpolyNatureBundle/Mesh/Mushroom_14.fbx using Guid(643e20810797dc241b124c7c047dc1e7) Importer(815301076,1909f56bfc062723c751e8b465ee728b) (PreviewImporter) -> (artifact id: 'c84a956a92539fd3e5a52ad07a8eddd3') in 0.0283034 seconds
Number of updated asset objects reloaded before import = 0Number of asset objects unloaded after import = 9

========================================================================
Received Import Request.
  Time since last request: 0.549422 seconds.
  path: Assets/Resources/Prefabs/PlayerFree.prefab
  artifactKey: Guid(b736166d497cf884e8c2edf00909a8af) Importer(815301076,1909f56bfc062723c751e8b465ee728b)
Start importing Assets/Resources/Prefabs/PlayerFree.prefab using Guid(b736166d497cf884e8c2edf00909a8af) Importer(815301076,1909f56bfc062723c751e8b465ee728b) (PreviewImporter) -> (artifact id: '01e700640cbeb9f2e0f44bbe72769ed0') in 0.0456349 seconds
Number of updated asset objects reloaded before import = 0Number of asset objects unloaded after import = 556

========================================================================
Received Import Request.
  Time since last request: 0.011122 seconds.
  path: Assets/LowpolyNatureBundle/Mesh/Pot_04.fbx
  artifactKey: Guid(87c901615ab55424e976014e7cdd4f9e) Importer(815301076,1909f56bfc062723c751e8b465ee728b)
Start importing Assets/LowpolyNatureBundle/Mesh/Pot_04.fbx using Guid(87c901615ab55424e976014e7cdd4f9e) Importer(815301076,1909f56bfc062723c751e8b465ee728b) (PreviewImporter) -> (artifact id: '353e8d52d457fa75585ba21b60a7bfc9') in 0.0240483 seconds
Number of updated asset objects reloaded before import = 0Number of asset objects unloaded after import = 9

========================================================================
Received Import Request.
  Time since last request: 0.573861 seconds.
  path: Assets/LowpolyNatureBundle/Mesh/Rock_05.fbx
  artifactKey: Guid(a1ac826ff8dba9441b13babd90f514fc) Importer(815301076,1909f56bfc062723c751e8b465ee728b)
Start importing Assets/LowpolyNatureBundle/Mesh/Rock_05.fbx using Guid(a1ac826ff8dba9441b13babd90f514fc) Importer(815301076,1909f56bfc062723c751e8b465ee728b) (PreviewImporter) -> (artifact id: '7ea05da780c6bc296945f909c72504f8') in 0.0238414 seconds
Number of updated asset objects reloaded before import = 0Number of asset objects unloaded after import = 9

========================================================================
Received Import Request.
  Time since last request: 0.022684 seconds.
  path: Assets/LPHorse_Version_2_9/Version_2_9/Saddle/Prefabs/Saddle_Light.prefab
  artifactKey: Guid(c421996bb57665e4abf9043052275aaf) Importer(815301076,1909f56bfc062723c751e8b465ee728b)
Start importing Assets/LPHorse_Version_2_9/Version_2_9/Saddle/Prefabs/Saddle_Light.prefab using Guid(c421996bb57665e4abf9043052275aaf) Importer(815301076,1909f56bfc062723c751e8b465ee728b) (PreviewImporter) -> (artifact id: 'c467ca68e2cfd619d1941ea7d35d2e1e') in 0.0245861 seconds
Number of updated asset objects reloaded before import = 0Number of asset objects unloaded after import = 31

========================================================================
Received Import Request.
  Time since last request: 0.031800 seconds.
  path: Assets/LowpolyNatureBundle/Mesh/SpringTree_01.fbx
  artifactKey: Guid(c6e86d7f366dfe642b5ed3dc6793c30c) Importer(815301076,1909f56bfc062723c751e8b465ee728b)
Start importing Assets/LowpolyNatureBundle/Mesh/SpringTree_01.fbx using Guid(c6e86d7f366dfe642b5ed3dc6793c30c) Importer(815301076,1909f56bfc062723c751e8b465ee728b) (PreviewImporter) -> (artifact id: 'f56cb11b74fbcd750901b2b51442144b') in 0.0266107 seconds
Number of updated asset objects reloaded before import = 0Number of asset objects unloaded after import = 9

========================================================================
Received Import Request.
  Time since last request: 0.006008 seconds.
  path: Assets/LowpolyNatureBundle/Prefab/SpringTree_04.prefab
  artifactKey: Guid(c55fbaf5faa363c428c8ae328f1d631e) Importer(815301076,1909f56bfc062723c751e8b465ee728b)
Start importing Assets/LowpolyNatureBundle/Prefab/SpringTree_04.prefab using Guid(c55fbaf5faa363c428c8ae328f1d631e) Importer(815301076,1909f56bfc062723c751e8b465ee728b) (PreviewImporter) -> (artifact id: 'f5ec59a71c76e4aa0b502bf7dc109a30') in 0.0242841 seconds
Number of updated asset objects reloaded before import = 0Number of asset objects unloaded after import = 9

========================================================================
Received Import Request.
  Time since last request: 0.000026 seconds.
  path: Assets/LowpolyNatureBundle/Mesh/SpringTree_07.fbx
  artifactKey: Guid(082bec09a7169994c9b6575c0a97d9e6) Importer(815301076,1909f56bfc062723c751e8b465ee728b)
Start importing Assets/LowpolyNatureBundle/Mesh/SpringTree_07.fbx using Guid(082bec09a7169994c9b6575c0a97d9e6) Importer(815301076,1909f56bfc062723c751e8b465ee728b) (PreviewImporter) -> (artifact id: '602284b6ec3d6a3f7d9ae61eba50a32c') in 0.0226141 seconds
Number of updated asset objects reloaded before import = 0Number of asset objects unloaded after import = 9

========================================================================
Received Import Request.
  Time since last request: 0.000031 seconds.
  path: Assets/Palmov Island/Low Poly Environment Park/Prefabs/Stones/stone 3.prefab
  artifactKey: Guid(ce5fc1ae746770c48a546879d9226882) Importer(815301076,1909f56bfc062723c751e8b465ee728b)
Start importing Assets/Palmov Island/Low Poly Environment Park/Prefabs/Stones/stone 3.prefab using Guid(ce5fc1ae746770c48a546879d9226882) Importer(815301076,1909f56bfc062723c751e8b465ee728b) (PreviewImporter) -> (artifact id: '45b06870835b950ed28b4f9c94b0e758') in 0.0176557 seconds
Number of updated asset objects reloaded before import = 0Number of asset objects unloaded after import = 10

========================================================================
Received Import Request.
  Time since last request: 0.000022 seconds.
  path: Assets/Palmov Island/Low Poly Environment Park/Models/Trees/tall palm tree.fbx
  artifactKey: Guid(3f3a78e33d1f8ed4eb31f6c67d12ed76) Importer(815301076,1909f56bfc062723c751e8b465ee728b)
Start importing Assets/Palmov Island/Low Poly Environment Park/Models/Trees/tall palm tree.fbx using Guid(3f3a78e33d1f8ed4eb31f6c67d12ed76) Importer(815301076,1909f56bfc062723c751e8b465ee728b) (PreviewImporter) -> (artifact id: 'f40edafedce0b60274a1dc1e1ef73c94') in 0.0236771 seconds
Number of updated asset objects reloaded before import = 0Number of asset objects unloaded after import = 9

========================================================================
Received Import Request.
  Time since last request: 0.536698 seconds.
  path: Assets/Palmov Island/Low Poly Environment Park/Models/Trees/tree round foliage.fbx
  artifactKey: Guid(a3270467eb28a9844b22855aea1d3ae3) Importer(815301076,1909f56bfc062723c751e8b465ee728b)
Start importing Assets/Palmov Island/Low Poly Environment Park/Models/Trees/tree round foliage.fbx using Guid(a3270467eb28a9844b22855aea1d3ae3) Importer(815301076,1909f56bfc062723c751e8b465ee728b) (PreviewImporter) -> (artifact id: 'e8284fd4efe6024d1166555ebc608f30') in 0.0222509 seconds
Number of updated asset objects reloaded before import = 0Number of asset objects unloaded after import = 9

========================================================================
Received Import Request.
  Time since last request: 0.000024 seconds.
  path: Assets/Palmov Island/Low Poly Environment Park/Prefabs/Trees/tree white foliage.prefab
  artifactKey: Guid(8f5153b17a46584468e856f9401155d2) Importer(815301076,1909f56bfc062723c751e8b465ee728b)
Start importing Assets/Palmov Island/Low Poly Environment Park/Prefabs/Trees/tree white foliage.prefab using Guid(8f5153b17a46584468e856f9401155d2) Importer(815301076,1909f56bfc062723c751e8b465ee728b) (PreviewImporter) -> (artifact id: '158529e321414014a2a9d6909e387329') in 0.0202598 seconds
Number of updated asset objects reloaded before import = 0Number of asset objects unloaded after import = 10

========================================================================
Received Import Request.
  Time since last request: 0.000022 seconds.
  path: Assets/LowpolyNatureBundle/Mesh/Trunk_01.fbx
  artifactKey: Guid(13ebfb12c639ba34187b7d78b858b779) Importer(815301076,1909f56bfc062723c751e8b465ee728b)
Start importing Assets/LowpolyNatureBundle/Mesh/Trunk_01.fbx using Guid(13ebfb12c639ba34187b7d78b858b779) Importer(815301076,1909f56bfc062723c751e8b465ee728b) (PreviewImporter) -> (artifact id: '5878036e156a0f47d777c95418dd3498') in 0.0183669 seconds
Number of updated asset objects reloaded before import = 0Number of asset objects unloaded after import = 9

========================================================================
Received Import Request.
  Time since last request: 0.372150 seconds.
  path: Assets/LowpolyNatureBundle/Mesh/TrunkFence_01.fbx
  artifactKey: Guid(af01c7d058f2aa346bbed89ee0686501) Importer(815301076,1909f56bfc062723c751e8b465ee728b)
Start importing Assets/LowpolyNatureBundle/Mesh/TrunkFence_01.fbx using Guid(af01c7d058f2aa346bbed89ee0686501) Importer(815301076,1909f56bfc062723c751e8b465ee728b) (PreviewImporter) -> (artifact id: 'e1be829a7f02952a5b5f242af2ab3f2f') in 0.0253094 seconds
Number of updated asset objects reloaded before import = 0Number of asset objects unloaded after import = 9

========================================================================
Received Import Request.
  Time since last request: 0.000040 seconds.
  path: Assets/LowpolyNatureBundle/Mesh/TrunkStack_01.fbx
  artifactKey: Guid(1357bc5fcfbe2b94d809122e37abe691) Importer(815301076,1909f56bfc062723c751e8b465ee728b)
Start importing Assets/LowpolyNatureBundle/Mesh/TrunkStack_01.fbx using Guid(1357bc5fcfbe2b94d809122e37abe691) Importer(815301076,1909f56bfc062723c751e8b465ee728b) (PreviewImporter) -> (artifact id: '632c3d75f980b2666765a3cb509ab959') in 0.0277425 seconds
Number of updated asset objects reloaded before import = 0Number of asset objects unloaded after import = 9

========================================================================
Received Import Request.
  Time since last request: 0.000046 seconds.
  path: Assets/LowpolyNatureBundle/Mesh/WinterFallenTree_01.fbx
  artifactKey: Guid(8cb56db94d7b76c49822dfd26b3d400b) Importer(815301076,1909f56bfc062723c751e8b465ee728b)
Start importing Assets/LowpolyNatureBundle/Mesh/WinterFallenTree_01.fbx using Guid(8cb56db94d7b76c49822dfd26b3d400b) Importer(815301076,1909f56bfc062723c751e8b465ee728b) (PreviewImporter) -> (artifact id: '0b312db693b91edfd9ed4b7a5efd7542') in 0.0244257 seconds
Number of updated asset objects reloaded before import = 0Number of asset objects unloaded after import = 9

========================================================================
Received Import Request.
  Time since last request: 0.000023 seconds.
  path: Assets/LowpolyNatureBundle/Mesh/WinterTree_02.fbx
  artifactKey: Guid(14e11489b56cb1646806f88a567688a3) Importer(815301076,1909f56bfc062723c751e8b465ee728b)
Start importing Assets/LowpolyNatureBundle/Mesh/WinterTree_02.fbx using Guid(14e11489b56cb1646806f88a567688a3) Importer(815301076,1909f56bfc062723c751e8b465ee728b) (PreviewImporter) -> (artifact id: '17c799ab03c479dcd98fb7f508007809') in 0.0243583 seconds
Number of updated asset objects reloaded before import = 0Number of asset objects unloaded after import = 9

========================================================================
Received Import Request.
  Time since last request: 0.002792 seconds.
  path: Assets/LowpolyNatureBundle/Mesh/WinterTree_06.fbx
  artifactKey: Guid(99f85432e73c9eb498bdac8c8cca66cb) Importer(815301076,1909f56bfc062723c751e8b465ee728b)
Start importing Assets/LowpolyNatureBundle/Mesh/WinterTree_06.fbx using Guid(99f85432e73c9eb498bdac8c8cca66cb) Importer(815301076,1909f56bfc062723c751e8b465ee728b) (PreviewImporter) -> (artifact id: 'ed3f380515cfdc3bf03a816f07d82b25') in 0.0255279 seconds
Number of updated asset objects reloaded before import = 0Number of asset objects unloaded after import = 9

========================================================================
Received Import Request.
  Time since last request: 0.487766 seconds.
  path: Assets/LowpolyNatureBundle/Prefab/WoodenFence_02.prefab
  artifactKey: Guid(d0a7e34fd2aea2c41a6dce04ef3e75c3) Importer(815301076,1909f56bfc062723c751e8b465ee728b)
Start importing Assets/LowpolyNatureBundle/Prefab/WoodenFence_02.prefab using Guid(d0a7e34fd2aea2c41a6dce04ef3e75c3) Importer(815301076,1909f56bfc062723c751e8b465ee728b) (PreviewImporter) -> (artifact id: '5a8d57dfc6de21f8724432f5b2959201') in 0.021855 seconds
Number of updated asset objects reloaded before import = 0Number of asset objects unloaded after import = 9

========================================================================
Received Import Request.
  Time since last request: 59.480692 seconds.
  path: Assets/TerrainData_462297e7-14af-4a16-8178-16936013c229.asset
  artifactKey: Guid(0296c4764922fac429d2324b08d6fdbb) Importer(2089858483,192608db42251d675da83286b1cce702)
Start importing Assets/TerrainData_462297e7-14af-4a16-8178-16936013c229.asset using Guid(0296c4764922fac429d2324b08d6fdbb) Importer(2089858483,192608db42251d675da83286b1cce702) (ScriptedImporter)The tree AutumnTree_01 must use the Nature/Soft Occlusion shader. Otherwise billboarding/lighting will not work correctly.
UnityEngine.Debug:ExtractStackTraceNoAlloc (byte*,int,string)
UnityEngine.StackTraceUtility:ExtractStackTrace ()
UnityEditor.AssetDatabase:LoadMainAssetAtPath (string)
UnityEditor.Search.AssetIndexer:IndexProperties (int&,string&,bool&)
UnityEditor.Search.AssetIndexer:IndexDocument (string,bool)
UnityEditor.Search.SearchIndexEntryImporter:OnImportAsset (UnityEditor.AssetImporters.AssetImportContext)
UnityEditor.AssetImporters.ScriptedImporter:GenerateAssetData (UnityEditor.AssetImporters.AssetImportContext)

[C:\build\output\unity\unity\Modules\Terrain\Public\TreeDatabase.cpp line 354]

 -> (artifact id: '54678796d4f5fb99649504f10c56105d') in 0.2516992 seconds
Number of updated asset objects reloaded before import = 0Number of asset objects unloaded after import = 9

========================================================================
Received Import Request.
  Time since last request: 0.000048 seconds.
  path: Assets/LowpolyNatureBundle/Prefab/LotusLeaf_02.prefab
  artifactKey: Guid(645d683b72c8f9f4eb3dbb7c92e89a82) Importer(2089858483,3d70f49cd1c2eb9ae422958d1c652c6b)
Start importing Assets/LowpolyNatureBundle/Prefab/LotusLeaf_02.prefab using Guid(645d683b72c8f9f4eb3dbb7c92e89a82) Importer(2089858483,3d70f49cd1c2eb9ae422958d1c652c6b) (ScriptedImporter) -> (artifact id: '7ba68e0024f2a1b2c7eb63e6b224ecce') in 0.0258824 seconds
Number of updated asset objects reloaded before import = 0Number of asset objects unloaded after import = 8

========================================================================
Received Import Request.
  Time since last request: 0.000035 seconds.
  path: Assets/LowpolyNatureBundle/Prefab/AutumnTree_01.prefab
  artifactKey: Guid(0e403b6a531ac064c9558d91a1be12e8) Importer(2089858483,192608db42251d675da83286b1cce702)
Start importing Assets/LowpolyNatureBundle/Prefab/AutumnTree_01.prefab using Guid(0e403b6a531ac064c9558d91a1be12e8) Importer(2089858483,192608db42251d675da83286b1cce702) (ScriptedImporter) -> (artifact id: '35ad23a1a5eb77cde8360b1afc61f621') in 0.0332757 seconds
Number of updated asset objects reloaded before import = 0Number of asset objects unloaded after import = 8

========================================================================
Received Import Request.
  Time since last request: 0.000023 seconds.
  path: Assets/TerrainData_55add134-c6da-4170-8b9f-c9917561620d.asset
  artifactKey: Guid(20d218f3afe8a894e88d1d770da0eab3) Importer(2089858483,3d70f49cd1c2eb9ae422958d1c652c6b)
Start importing Assets/TerrainData_55add134-c6da-4170-8b9f-c9917561620d.asset using Guid(20d218f3afe8a894e88d1d770da0eab3) Importer(2089858483,3d70f49cd1c2eb9ae422958d1c652c6b) (ScriptedImporter)The tree AutumnTree_01 must use the Nature/Soft Occlusion shader. Otherwise billboarding/lighting will not work correctly.
UnityEngine.Debug:ExtractStackTraceNoAlloc (byte*,int,string)
UnityEngine.StackTraceUtility:ExtractStackTrace ()
UnityEditor.AssetDatabase:LoadMainAssetAtPath (string)
UnityEditor.Search.AssetIndexer:IndexProperties (int&,string&,bool&)
UnityEditor.Search.AssetIndexer:IndexDocument (string,bool)
UnityEditor.Search.SearchIndexEntryImporter:OnImportAsset (UnityEditor.AssetImporters.AssetImportContext)
UnityEditor.AssetImporters.ScriptedImporter:GenerateAssetData (UnityEditor.AssetImporters.AssetImportContext)

[C:\build\output\unity\unity\Modules\Terrain\Public\TreeDatabase.cpp line 354]

The tree AutumnTree_04 must use the Nature/Soft Occlusion shader. Otherwise billboarding/lighting will not work correctly.
UnityEngine.Debug:ExtractStackTraceNoAlloc (byte*,int,string)
UnityEngine.StackTraceUtility:ExtractStackTrace ()
UnityEditor.AssetDatabase:LoadMainAssetAtPath (string)
UnityEditor.Search.AssetIndexer:IndexProperties (int&,string&,bool&)
UnityEditor.Search.AssetIndexer:IndexDocument (string,bool)
UnityEditor.Search.SearchIndexEntryImporter:OnImportAsset (UnityEditor.AssetImporters.AssetImportContext)
UnityEditor.AssetImporters.ScriptedImporter:GenerateAssetData (UnityEditor.AssetImporters.AssetImportContext)

[C:\build\output\unity\unity\Modules\Terrain\Public\TreeDatabase.cpp line 354]

 -> (artifact id: 'b43d0dc142a59d24d2d0bcfca482f596') in 0.0192457 seconds
Number of updated asset objects reloaded before import = 0Number of asset objects unloaded after import = 14

========================================================================
Received Import Request.
  Time since last request: 0.000023 seconds.
  path: Assets/Lowpoly_Holiday_House/Textures
  artifactKey: Guid(05f0ef32bd4b88444b67f7c9f3dcbf79) Importer(2089858483,192608db42251d675da83286b1cce702)
Start importing Assets/Lowpoly_Holiday_House/Textures using Guid(05f0ef32bd4b88444b67f7c9f3dcbf79) Importer(2089858483,192608db42251d675da83286b1cce702) (ScriptedImporter) -> (artifact id: 'c0cdac60ef478515bffe9c40d370300d') in 0.013763 seconds
Number of updated asset objects reloaded before import = 0Number of asset objects unloaded after import = 1

========================================================================
Received Import Request.
  Time since last request: 0.000028 seconds.
  path: Assets/Lowpoly_Holiday_House/Prefabs/Airing_3.prefab
  artifactKey: Guid(6e881f67edc20a64083a4cd776078657) Importer(2089858483,3d70f49cd1c2eb9ae422958d1c652c6b)
Start importing Assets/Lowpoly_Holiday_House/Prefabs/Airing_3.prefab using Guid(6e881f67edc20a64083a4cd776078657) Importer(2089858483,3d70f49cd1c2eb9ae422958d1c652c6b) (ScriptedImporter) -> (artifact id: '2d53c96309303c3fc302e46fed660d0e') in 0.0200598 seconds
Number of updated asset objects reloaded before import = 0Number of asset objects unloaded after import = 8

========================================================================
Received Import Request.
  Time since last request: 0.000061 seconds.
  path: Assets/LowpolyNatureBundle/Prefab/WoodenStool_01.prefab
  artifactKey: Guid(912f73c1e7c285445980da9cacdb9a33) Importer(2089858483,192608db42251d675da83286b1cce702)
Start importing Assets/LowpolyNatureBundle/Prefab/WoodenStool_01.prefab using Guid(912f73c1e7c285445980da9cacdb9a33) Importer(2089858483,192608db42251d675da83286b1cce702) (ScriptedImporter) -> (artifact id: 'a0998154b498a05c24ec6df00b8b9072') in 0.0326563 seconds
Number of updated asset objects reloaded before import = 0Number of asset objects unloaded after import = 8

========================================================================
Received Import Request.
  Time since last request: 0.000035 seconds.
  path: Assets/LowpolyNatureBundle/Prefab/TrunkFence_03.prefab
  artifactKey: Guid(d291d860c607d214580d4535300dc95c) Importer(2089858483,3d70f49cd1c2eb9ae422958d1c652c6b)
Start importing Assets/LowpolyNatureBundle/Prefab/TrunkFence_03.prefab using Guid(d291d860c607d214580d4535300dc95c) Importer(2089858483,3d70f49cd1c2eb9ae422958d1c652c6b) (ScriptedImporter) -> (artifact id: '54ddd97c3d8fb8b2e9b7737def6f1db2') in 0.0253172 seconds
Number of updated asset objects reloaded before import = 0Number of asset objects unloaded after import = 8

========================================================================
Received Import Request.
  Time since last request: 0.000054 seconds.
  path: Assets/Lowpoly_Holiday_House/Textures/Clumbs.tif
  artifactKey: Guid(221d6ed51b9044e4688169d5bb653ac8) Importer(2089858483,192608db42251d675da83286b1cce702)
Start importing Assets/Lowpoly_Holiday_House/Textures/Clumbs.tif using Guid(221d6ed51b9044e4688169d5bb653ac8) Importer(2089858483,192608db42251d675da83286b1cce702) (ScriptedImporter) -> (artifact id: 'fb367c3b6e46adf70375d37ae91c2b94') in 0.1021884 seconds
Number of updated asset objects reloaded before import = 0Number of asset objects unloaded after import = 1

========================================================================
Received Import Request.
  Time since last request: 0.000046 seconds.
  path: Assets/LowpolyNatureBundle/Prefab/Rock_03.prefab
  artifactKey: Guid(fd9e862afb15fd14ca05309c6790543f) Importer(2089858483,3d70f49cd1c2eb9ae422958d1c652c6b)
Start importing Assets/LowpolyNatureBundle/Prefab/Rock_03.prefab using Guid(fd9e862afb15fd14ca05309c6790543f) Importer(2089858483,3d70f49cd1c2eb9ae422958d1c652c6b) (ScriptedImporter) -> (artifact id: '65d692ac48645333dc3183160fe4e3d3') in 0.0249047 seconds
Number of updated asset objects reloaded before import = 0Number of asset objects unloaded after import = 8

========================================================================
Received Import Request.
  Time since last request: 0.000236 seconds.
  path: Assets/LowpolyNatureBundle/Prefab/Mushroom_14.prefab
  artifactKey: Guid(badba2fb5ba3c5e40a804e3e4802e379) Importer(2089858483,3d70f49cd1c2eb9ae422958d1c652c6b)
Start importing Assets/LowpolyNatureBundle/Prefab/Mushroom_14.prefab using Guid(badba2fb5ba3c5e40a804e3e4802e379) Importer(2089858483,3d70f49cd1c2eb9ae422958d1c652c6b) (ScriptedImporter) -> (artifact id: '7e929955b55be68781e389cbdbeeefa7') in 0.0304334 seconds
Number of updated asset objects reloaded before import = 0Number of asset objects unloaded after import = 8

========================================================================
Received Import Request.
  Time since last request: 0.000066 seconds.
  path: Assets/LowpolyNatureBundle/Prefab/FallenTree_03.prefab
  artifactKey: Guid(46bbc7e226c2baf40b24a18f3946961a) Importer(2089858483,192608db42251d675da83286b1cce702)
Start importing Assets/LowpolyNatureBundle/Prefab/FallenTree_03.prefab using Guid(46bbc7e226c2baf40b24a18f3946961a) Importer(2089858483,192608db42251d675da83286b1cce702) (ScriptedImporter) -> (artifact id: '765f208fe3e9aa6cfcbe0d91ea86b073') in 0.0326088 seconds
Number of updated asset objects reloaded before import = 0Number of asset objects unloaded after import = 8

========================================================================
Received Import Request.
  Time since last request: 0.000034 seconds.
  path: Assets/LowpolyNatureBundle/Prefab/Mushroom_01.prefab
  artifactKey: Guid(9f759724e3d17af44acdc705029f913d) Importer(2089858483,3d70f49cd1c2eb9ae422958d1c652c6b)
Start importing Assets/LowpolyNatureBundle/Prefab/Mushroom_01.prefab using Guid(9f759724e3d17af44acdc705029f913d) Importer(2089858483,3d70f49cd1c2eb9ae422958d1c652c6b) (ScriptedImporter) -> (artifact id: '147cab505373434713b59cba101d064d') in 0.0209678 seconds
Number of updated asset objects reloaded before import = 0Number of asset objects unloaded after import = 8

========================================================================
Received Import Request.
  Time since last request: 0.000042 seconds.
  path: Assets/LowpolyNatureBundle/Prefab/Mushroom_16.prefab
  artifactKey: Guid(7975f123d7c7ebd46afc1b3588c6ea4d) Importer(2089858483,3d70f49cd1c2eb9ae422958d1c652c6b)
Start importing Assets/LowpolyNatureBundle/Prefab/Mushroom_16.prefab using Guid(7975f123d7c7ebd46afc1b3588c6ea4d) Importer(2089858483,3d70f49cd1c2eb9ae422958d1c652c6b) (ScriptedImporter) -> (artifact id: 'c23fafa19d3eb15247144f390558790d') in 0.0238414 seconds
Number of updated asset objects reloaded before import = 0Number of asset objects unloaded after import = 8

========================================================================
Received Import Request.
  Time since last request: 0.000061 seconds.
  path: Assets/Lowpoly_Holiday_House/Materials/Parts.mat
  artifactKey: Guid(6cc327085e1222b428966bf169b3dd9d) Importer(2089858483,192608db42251d675da83286b1cce702)
Start importing Assets/Lowpoly_Holiday_House/Materials/Parts.mat using Guid(6cc327085e1222b428966bf169b3dd9d) Importer(2089858483,192608db42251d675da83286b1cce702) (ScriptedImporter) -> (artifact id: 'df1c397aed61b38099ac12ef086c50df') in 0.0335457 seconds
Number of updated asset objects reloaded before import = 0Number of asset objects unloaded after import = 2

========================================================================
Received Import Request.
  Time since last request: 0.000073 seconds.
  path: Assets/LowpolyNatureBundle/Mesh/Pot_04.fbx
  artifactKey: Guid(87c901615ab55424e976014e7cdd4f9e) Importer(2089858483,192608db42251d675da83286b1cce702)
Start importing Assets/LowpolyNatureBundle/Mesh/Pot_04.fbx using Guid(87c901615ab55424e976014e7cdd4f9e) Importer(2089858483,192608db42251d675da83286b1cce702) (ScriptedImporter) -> (artifact id: '0e0cd027194ec6a0a74f8bc62fe53bbb') in 0.0955183 seconds
Number of updated asset objects reloaded before import = 0Number of asset objects unloaded after import = 8

========================================================================
Received Import Request.
  Time since last request: 0.000043 seconds.
  path: Assets/LowpolyNatureBundle/Prefab/Trunk_03.prefab
  artifactKey: Guid(4932976417a24df4d8ef50d916d755be) Importer(2089858483,3d70f49cd1c2eb9ae422958d1c652c6b)
Start importing Assets/LowpolyNatureBundle/Prefab/Trunk_03.prefab using Guid(4932976417a24df4d8ef50d916d755be) Importer(2089858483,3d70f49cd1c2eb9ae422958d1c652c6b) (ScriptedImporter) -> (artifact id: '4aef236503997873664a3c438863d4f2') in 0.0241535 seconds
Number of updated asset objects reloaded before import = 0Number of asset objects unloaded after import = 8

========================================================================
Received Import Request.
  Time since last request: 0.000041 seconds.
  path: Assets/Lowpoly_Holiday_House/Materials/Doors.mat
  artifactKey: Guid(6ebc307ca9474e7458c6a0230dda5bee) Importer(2089858483,192608db42251d675da83286b1cce702)
Start importing Assets/Lowpoly_Holiday_House/Materials/Doors.mat using Guid(6ebc307ca9474e7458c6a0230dda5bee) Importer(2089858483,192608db42251d675da83286b1cce702) (ScriptedImporter) -> (artifact id: '43b30ab25e262414d801f743b103af1d') in 0.0240523 seconds
Number of updated asset objects reloaded before import = 0Number of asset objects unloaded after import = 2

========================================================================
Received Import Request.
  Time since last request: 0.000071 seconds.
  path: Assets/LowpolyNatureBundle/Prefab/AutumnTree_06.prefab
  artifactKey: Guid(1263cc9ebce581f4c97c4dca761ef2f7) Importer(2089858483,192608db42251d675da83286b1cce702)
Start importing Assets/LowpolyNatureBundle/Prefab/AutumnTree_06.prefab using Guid(1263cc9ebce581f4c97c4dca761ef2f7) Importer(2089858483,192608db42251d675da83286b1cce702) (ScriptedImporter) -> (artifact id: '7ef11f77e2f639d7a92bf5ec3d99da75') in 0.0293342 seconds
Number of updated asset objects reloaded before import = 0Number of asset objects unloaded after import = 8

========================================================================
Received Import Request.
  Time since last request: 0.000039 seconds.
  path: Assets/Lowpoly_Holiday_House/Textures/Stairs.tif
  artifactKey: Guid(f34d046206a1f5148b712147c1216613) Importer(2089858483,192608db42251d675da83286b1cce702)
Start importing Assets/Lowpoly_Holiday_House/Textures/Stairs.tif using Guid(f34d046206a1f5148b712147c1216613) Importer(2089858483,192608db42251d675da83286b1cce702) (ScriptedImporter) -> (artifact id: 'e66d3fdc130d6e8fd1a7af61eedb0da1') in 0.0354601 seconds
Number of updated asset objects reloaded before import = 0Number of asset objects unloaded after import = 1

========================================================================
Received Import Request.
  Time since last request: 0.000041 seconds.
  path: Assets/Ventuar/RPGWeaponsPack - DEMO/FileAssets/Materials/RPGWeaponsPackMat.mat
  artifactKey: Guid(416aa3d63d96c524797418e7eb5e423d) Importer(2089858483,192608db42251d675da83286b1cce702)
Start importing Assets/Ventuar/RPGWeaponsPack - DEMO/FileAssets/Materials/RPGWeaponsPackMat.mat using Guid(416aa3d63d96c524797418e7eb5e423d) Importer(2089858483,192608db42251d675da83286b1cce702) (ScriptedImporter) -> (artifact id: '02c884e39398ce2da0ca36e3d198e1ff') in 0.0338611 seconds
Number of updated asset objects reloaded before import = 0Number of asset objects unloaded after import = 2

========================================================================
Received Import Request.
  Time since last request: 0.000042 seconds.
  path: Assets/Lowpoly_Holiday_House/Textures/Doors.tif
  artifactKey: Guid(57baa3125869b0f479fb7155bb9d2fea) Importer(2089858483,192608db42251d675da83286b1cce702)
Start importing Assets/Lowpoly_Holiday_House/Textures/Doors.tif using Guid(57baa3125869b0f479fb7155bb9d2fea) Importer(2089858483,192608db42251d675da83286b1cce702) (ScriptedImporter) -> (artifact id: 'a5d1e7d07b8f8931a083ce93e784edfb') in 0.0336206 seconds
Number of updated asset objects reloaded before import = 0Number of asset objects unloaded after import = 1

========================================================================
Received Import Request.
  Time since last request: 0.000053 seconds.
  path: Assets/LowpolyNatureBundle/Prefab/Rock_06.prefab
  artifactKey: Guid(a74c5ad867bfe32419294ce151f88192) Importer(2089858483,3d70f49cd1c2eb9ae422958d1c652c6b)
Start importing Assets/LowpolyNatureBundle/Prefab/Rock_06.prefab using Guid(a74c5ad867bfe32419294ce151f88192) Importer(2089858483,3d70f49cd1c2eb9ae422958d1c652c6b) (ScriptedImporter) -> (artifact id: '652de4978406c922dc5963292151c57b') in 0.0219683 seconds
Number of updated asset objects reloaded before import = 0Number of asset objects unloaded after import = 8

========================================================================
Received Import Request.
  Time since last request: 0.000044 seconds.
  path: Assets/Lowpoly_Holiday_House/Textures/Walls_1.tif
  artifactKey: Guid(af45840d94a6e844380136c0df790899) Importer(2089858483,192608db42251d675da83286b1cce702)
Start importing Assets/Lowpoly_Holiday_House/Textures/Walls_1.tif using Guid(af45840d94a6e844380136c0df790899) Importer(2089858483,192608db42251d675da83286b1cce702) (ScriptedImporter) -> (artifact id: '114963ee67649ffdccef417a4a7fa760') in 0.0399322 seconds
Number of updated asset objects reloaded before import = 0Number of asset objects unloaded after import = 1

========================================================================
Received Import Request.
  Time since last request: 0.000039 seconds.
  path: Assets/LowpolyNatureBundle/Prefab/GuideSigns_02.prefab
  artifactKey: Guid(dea54ee0d33bdec41aaa1082bbfda4c3) Importer(2089858483,3d70f49cd1c2eb9ae422958d1c652c6b)
Start importing Assets/LowpolyNatureBundle/Prefab/GuideSigns_02.prefab using Guid(dea54ee0d33bdec41aaa1082bbfda4c3) Importer(2089858483,3d70f49cd1c2eb9ae422958d1c652c6b) (ScriptedImporter) -> (artifact id: '88c96309220425ec5cc398008bc4d009') in 0.032256 seconds
Number of updated asset objects reloaded before import = 0Number of asset objects unloaded after import = 8

========================================================================
Received Import Request.
  Time since last request: 0.000045 seconds.
  path: Assets/Lowpoly_Holiday_House/Prefabs/Building_10.prefab
  artifactKey: Guid(912275f92af0eae43987638e709f2a77) Importer(2089858483,192608db42251d675da83286b1cce702)
Start importing Assets/Lowpoly_Holiday_House/Prefabs/Building_10.prefab using Guid(912275f92af0eae43987638e709f2a77) Importer(2089858483,192608db42251d675da83286b1cce702) (ScriptedImporter) -> (artifact id: '9a3a89ba741b76dcd8087bb49b701557') in 0.0413585 seconds
Number of updated asset objects reloaded before import = 0Number of asset objects unloaded after import = 105

========================================================================
Received Import Request.
  Time since last request: 0.000139 seconds.
  path: Assets/LowpolyNatureBundle/Prefab/Bamboo_03.prefab
  artifactKey: Guid(a8a2e88e62971994fa9fcf4aced222e5) Importer(2089858483,192608db42251d675da83286b1cce702)
Start importing Assets/LowpolyNatureBundle/Prefab/Bamboo_03.prefab using Guid(a8a2e88e62971994fa9fcf4aced222e5) Importer(2089858483,192608db42251d675da83286b1cce702) (ScriptedImporter) -> (artifact id: '537609845c8337dc78c18b15d5e1b527') in 0.0319889 seconds
Number of updated asset objects reloaded before import = 0Number of asset objects unloaded after import = 8

========================================================================
Received Import Request.
  Time since last request: 0.000046 seconds.
  path: Assets/LowpolyNatureBundle/Prefab/Rock_04.prefab
  artifactKey: Guid(2ef75b4e11b3ac34291fcb9eda291e4d) Importer(2089858483,3d70f49cd1c2eb9ae422958d1c652c6b)
Start importing Assets/LowpolyNatureBundle/Prefab/Rock_04.prefab using Guid(2ef75b4e11b3ac34291fcb9eda291e4d) Importer(2089858483,3d70f49cd1c2eb9ae422958d1c652c6b) (ScriptedImporter) -> (artifact id: '2ba272947113461d88bb55e9f578ee90') in 0.0242712 seconds
Number of updated asset objects reloaded before import = 0Number of asset objects unloaded after import = 8

========================================================================
Received Import Request.
  Time since last request: 0.000062 seconds.
  path: Assets/LowpolyNatureBundle/Prefab/SpringTree_02.prefab
  artifactKey: Guid(1628b9bb55d40c74c80ba77cf05120bf) Importer(2089858483,3d70f49cd1c2eb9ae422958d1c652c6b)
Start importing Assets/LowpolyNatureBundle/Prefab/SpringTree_02.prefab using Guid(1628b9bb55d40c74c80ba77cf05120bf) Importer(2089858483,3d70f49cd1c2eb9ae422958d1c652c6b) (ScriptedImporter) -> (artifact id: '4c29ed53d47439a5d987674606c3a60d') in 0.025874 seconds
Number of updated asset objects reloaded before import = 0Number of asset objects unloaded after import = 8

========================================================================
Received Import Request.
  Time since last request: 0.000053 seconds.
  path: Assets/LowpolyNatureBundle/Prefab/AutumnTree_03.prefab
  artifactKey: Guid(9ac9959a28da31a48a148f91f718ddf1) Importer(2089858483,3d70f49cd1c2eb9ae422958d1c652c6b)
Start importing Assets/LowpolyNatureBundle/Prefab/AutumnTree_03.prefab using Guid(9ac9959a28da31a48a148f91f718ddf1) Importer(2089858483,3d70f49cd1c2eb9ae422958d1c652c6b) (ScriptedImporter) -> (artifact id: 'df3f74d6cd87772649a88d91c94efbdc') in 0.0199449 seconds
Number of updated asset objects reloaded before import = 0Number of asset objects unloaded after import = 8

========================================================================
Received Import Request.
  Time since last request: 0.000051 seconds.
  path: Assets/LowpolyNatureBundle/Prefab/AutumnTree_01.prefab
  artifactKey: Guid(0e403b6a531ac064c9558d91a1be12e8) Importer(2089858483,3d70f49cd1c2eb9ae422958d1c652c6b)
Start importing Assets/LowpolyNatureBundle/Prefab/AutumnTree_01.prefab using Guid(0e403b6a531ac064c9558d91a1be12e8) Importer(2089858483,3d70f49cd1c2eb9ae422958d1c652c6b) (ScriptedImporter) -> (artifact id: '088d854e9d30aa3db9fe9ac8043c8875') in 0.024142 seconds
Number of updated asset objects reloaded before import = 0Number of asset objects unloaded after import = 8

========================================================================
Received Import Request.
  Time since last request: 0.000033 seconds.
  path: Assets/LowpolyNatureBundle/Prefab/Mushroom_02.prefab
  artifactKey: Guid(ebbbd72500b0ad74e9924e09c6c23dbb) Importer(2089858483,3d70f49cd1c2eb9ae422958d1c652c6b)
Start importing Assets/LowpolyNatureBundle/Prefab/Mushroom_02.prefab using Guid(ebbbd72500b0ad74e9924e09c6c23dbb) Importer(2089858483,3d70f49cd1c2eb9ae422958d1c652c6b) (ScriptedImporter) -> (artifact id: '5f4d63d29b14eb8a122d6c64e8c2408d') in 0.0249521 seconds
Number of updated asset objects reloaded before import = 0Number of asset objects unloaded after import = 8

========================================================================
Received Import Request.
  Time since last request: 0.295603 seconds.
  path: Assets/LowpolyNatureBundle/Prefab/SpringTree_05.prefab
  artifactKey: Guid(ba6a3796f5464cf468d3459b2b74b1b6) Importer(2089858483,3d70f49cd1c2eb9ae422958d1c652c6b)
Start importing Assets/LowpolyNatureBundle/Prefab/SpringTree_05.prefab using Guid(ba6a3796f5464cf468d3459b2b74b1b6) Importer(2089858483,3d70f49cd1c2eb9ae422958d1c652c6b) (ScriptedImporter) -> (artifact id: 'd7d8d5887f37e69c5e1057a8030bd905') in 0.0217783 seconds
Number of updated asset objects reloaded before import = 0Number of asset objects unloaded after import = 8

========================================================================
Received Import Request.
  Time since last request: 0.000045 seconds.
  path: Assets/LowpolyNatureBundle/Scene/LowpolyNatureBundle/GlobalVolumeProfile.asset
  artifactKey: Guid(3d85f26e7a6233b46b5ee34d1224d73e) Importer(2089858483,3d70f49cd1c2eb9ae422958d1c652c6b)
Start importing Assets/LowpolyNatureBundle/Scene/LowpolyNatureBundle/GlobalVolumeProfile.asset using Guid(3d85f26e7a6233b46b5ee34d1224d73e) Importer(2089858483,3d70f49cd1c2eb9ae422958d1c652c6b) (ScriptedImporter) -> (artifact id: '1955f9f97418cc0c81ee0d37a678659c') in 0.0254282 seconds
Number of updated asset objects reloaded before import = 0Number of asset objects unloaded after import = 5

Editor requested this worker to shutdown with reason: balancing worker count downwards
AssetImportWorker is now disconnected from the server
Process exiting
Exiting without the bug reporter. Application will terminate with return code 0